[2025-11-02T11:24:32.749+0000] {local_task_job_runner.py:123} INFO - ::group::Pre task execution logs
[2025-11-02T11:24:32.766+0000] {taskinstance.py:2612} INFO - Dependencies all met for dep_context=non-requeueable deps ti=<TaskInstance: modeling.gold_modeling_dimensions manual__2025-11-02T11:24:32+00:00 [queued]>
[2025-11-02T11:24:32.775+0000] {taskinstance.py:2612} INFO - Dependencies all met for dep_context=requeueable deps ti=<TaskInstance: modeling.gold_modeling_dimensions manual__2025-11-02T11:24:32+00:00 [queued]>
[2025-11-02T11:24:32.779+0000] {taskinstance.py:2865} INFO - Starting attempt 1 of 1
[2025-11-02T11:24:32.791+0000] {taskinstance.py:2888} INFO - Executing <Task(BashOperator): gold_modeling_dimensions> on 2025-11-02 11:24:32+00:00
[2025-11-02T11:24:32.797+0000] {standard_task_runner.py:72} INFO - Started process 183 to run task
[2025-11-02T11:24:32.800+0000] {standard_task_runner.py:104} INFO - Running: ['***', 'tasks', 'run', 'modeling', 'gold_modeling_dimensions', 'manual__2025-11-02T11:24:32+00:00', '--job-id', '26', '--raw', '--subdir', 'DAGS_FOLDER/modeling.py', '--cfg-path', '/tmp/tmpf3z_glyb']
[2025-11-02T11:24:32.804+0000] {standard_task_runner.py:105} INFO - Job 26: Subtask gold_modeling_dimensions
[2025-11-02T11:24:32.852+0000] {task_command.py:467} INFO - Running <TaskInstance: modeling.gold_modeling_dimensions manual__2025-11-02T11:24:32+00:00 [running]> on host 4bd4a2df5838
[2025-11-02T11:24:32.928+0000] {taskinstance.py:3131} INFO - Exporting env vars: AIRFLOW_CTX_DAG_OWNER='***' AIRFLOW_CTX_DAG_ID='modeling' AIRFLOW_CTX_TASK_ID='gold_modeling_dimensions' AIRFLOW_CTX_EXECUTION_DATE='2025-11-02T11:24:32+00:00' AIRFLOW_CTX_TRY_NUMBER='1' AIRFLOW_CTX_DAG_RUN_ID='manual__2025-11-02T11:24:32+00:00'
[2025-11-02T11:24:32.931+0000] {taskinstance.py:731} INFO - ::endgroup::
[2025-11-02T11:24:32.944+0000] {subprocess.py:63} INFO - Tmp dir root location: /tmp
[2025-11-02T11:24:32.947+0000] {subprocess.py:75} INFO - Running command: ['/usr/bin/bash', '-c', 'spark-submit --master spark://spark-master:7077 --packages org.apache.iceberg:iceberg-spark-runtime-3.4_2.12:1.5.0,org.apache.hadoop:hadoop-aws:3.3.4,com.amazonaws:aws-java-sdk-bundle:1.12.262 --conf spark.hadoop.fs.s3a.endpoint=https://repulsive-spooky-cemetery-9rw4pvr4w66f4g6-4566.app.github.dev --conf spark.hadoop.fs.s3a.access.key=test --conf spark.hadoop.fs.s3a.secret.key=test --conf spark.hadoop.fs.s3a.path.style.access=true --conf spark.hadoop.fs.s3a.impl=org.apache.hadoop.fs.s3a.S3AFileSystem --conf spark.hadoop.fs.s3a.connection.ssl.enabled=true /opt/spark/work-dir/scripts/gold_modeling/Dimensions/Dimensions.py']
[2025-11-02T11:24:32.958+0000] {subprocess.py:86} INFO - Output:
[2025-11-02T11:24:34.010+0000] {subprocess.py:93} INFO - :: loading settings :: url = jar:file:/opt/spark-3.4.0-bin-hadoop3/jars/ivy-2.5.1.jar!/org/apache/ivy/core/settings/ivysettings.xml
[2025-11-02T11:24:34.100+0000] {subprocess.py:93} INFO - Ivy Default Cache set to: /home/***/.ivy2/cache
[2025-11-02T11:24:34.102+0000] {subprocess.py:93} INFO - The jars for the packages stored in: /home/***/.ivy2/jars
[2025-11-02T11:24:34.104+0000] {subprocess.py:93} INFO - org.apache.iceberg#iceberg-spark-runtime-3.4_2.12 added as a dependency
[2025-11-02T11:24:34.105+0000] {subprocess.py:93} INFO - org.apache.hadoop#hadoop-aws added as a dependency
[2025-11-02T11:24:34.107+0000] {subprocess.py:93} INFO - com.amazonaws#aws-java-sdk-bundle added as a dependency
[2025-11-02T11:24:34.108+0000] {subprocess.py:93} INFO - :: resolving dependencies :: org.apache.spark#spark-submit-parent-5e461ac6-a4d7-471c-85e6-2132ca53d8cf;1.0
[2025-11-02T11:24:34.109+0000] {subprocess.py:93} INFO - 	confs: [default]
[2025-11-02T11:24:34.197+0000] {subprocess.py:93} INFO - 	found org.apache.iceberg#iceberg-spark-runtime-3.4_2.12;1.5.0 in central
[2025-11-02T11:24:34.265+0000] {subprocess.py:93} INFO - 	found org.apache.hadoop#hadoop-aws;3.3.4 in central
[2025-11-02T11:24:34.295+0000] {subprocess.py:93} INFO - 	found com.amazonaws#aws-java-sdk-bundle;1.12.262 in central
[2025-11-02T11:24:34.320+0000] {subprocess.py:93} INFO - 	found org.wildfly.openssl#wildfly-openssl;1.0.7.Final in central
[2025-11-02T11:24:34.347+0000] {subprocess.py:93} INFO - :: resolution report :: resolve 231ms :: artifacts dl 11ms
[2025-11-02T11:24:34.349+0000] {subprocess.py:93} INFO - 	:: modules in use:
[2025-11-02T11:24:34.351+0000] {subprocess.py:93} INFO - 	com.amazonaws#aws-java-sdk-bundle;1.12.262 from central in [default]
[2025-11-02T11:24:34.352+0000] {subprocess.py:93} INFO - 	org.apache.hadoop#hadoop-aws;3.3.4 from central in [default]
[2025-11-02T11:24:34.354+0000] {subprocess.py:93} INFO - 	org.apache.iceberg#iceberg-spark-runtime-3.4_2.12;1.5.0 from central in [default]
[2025-11-02T11:24:34.356+0000] {subprocess.py:93} INFO - 	org.wildfly.openssl#wildfly-openssl;1.0.7.Final from central in [default]
[2025-11-02T11:24:34.358+0000] {subprocess.py:93} INFO - 	---------------------------------------------------------------------
[2025-11-02T11:24:34.359+0000] {subprocess.py:93} INFO - 	|                  |            modules            ||   artifacts   |
[2025-11-02T11:24:34.361+0000] {subprocess.py:93} INFO - 	|       conf       | number| search|dwnlded|evicted|| number|dwnlded|
[2025-11-02T11:24:34.364+0000] {subprocess.py:93} INFO - 	---------------------------------------------------------------------
[2025-11-02T11:24:34.365+0000] {subprocess.py:93} INFO - 	|      default     |   4   |   0   |   0   |   0   ||   4   |   0   |
[2025-11-02T11:24:34.367+0000] {subprocess.py:93} INFO - 	---------------------------------------------------------------------
[2025-11-02T11:24:34.369+0000] {subprocess.py:93} INFO - :: retrieving :: org.apache.spark#spark-submit-parent-5e461ac6-a4d7-471c-85e6-2132ca53d8cf
[2025-11-02T11:24:34.371+0000] {subprocess.py:93} INFO - 	confs: [default]
[2025-11-02T11:24:34.373+0000] {subprocess.py:93} INFO - 	0 artifacts copied, 4 already retrieved (0kB/7ms)
[2025-11-02T11:24:34.586+0000] {subprocess.py:93} INFO - 25/11/02 11:24:34 WARN NativeCodeLoader: Unable to load native-hadoop library for your platform... using builtin-java classes where applicable
[2025-11-02T11:24:36.099+0000] {subprocess.py:93} INFO - 25/11/02 11:24:36 INFO SparkContext: Running Spark version 3.4.0
[2025-11-02T11:24:36.116+0000] {subprocess.py:93} INFO - 25/11/02 11:24:36 INFO ResourceUtils: ==============================================================
[2025-11-02T11:24:36.118+0000] {subprocess.py:93} INFO - 25/11/02 11:24:36 INFO ResourceUtils: No custom resources configured for spark.driver.
[2025-11-02T11:24:36.120+0000] {subprocess.py:93} INFO - 25/11/02 11:24:36 INFO ResourceUtils: ==============================================================
[2025-11-02T11:24:36.122+0000] {subprocess.py:93} INFO - 25/11/02 11:24:36 INFO SparkContext: Submitted application: Gold_Modeling_Dimensions
[2025-11-02T11:24:36.137+0000] {subprocess.py:93} INFO - 25/11/02 11:24:36 INFO ResourceProfile: Default ResourceProfile created, executor resources: Map(memory -> name: memory, amount: 1024, script: , vendor: , offHeap -> name: offHeap, amount: 0, script: , vendor: ), task resources: Map(cpus -> name: cpus, amount: 1.0)
[2025-11-02T11:24:36.144+0000] {subprocess.py:93} INFO - 25/11/02 11:24:36 INFO ResourceProfile: Limiting resource is cpu
[2025-11-02T11:24:36.146+0000] {subprocess.py:93} INFO - 25/11/02 11:24:36 INFO ResourceProfileManager: Added ResourceProfile id: 0
[2025-11-02T11:24:36.183+0000] {subprocess.py:93} INFO - 25/11/02 11:24:36 INFO SecurityManager: Changing view acls to: ***
[2025-11-02T11:24:36.185+0000] {subprocess.py:93} INFO - 25/11/02 11:24:36 INFO SecurityManager: Changing modify acls to: ***
[2025-11-02T11:24:36.187+0000] {subprocess.py:93} INFO - 25/11/02 11:24:36 INFO SecurityManager: Changing view acls groups to:
[2025-11-02T11:24:36.189+0000] {subprocess.py:93} INFO - 25/11/02 11:24:36 INFO SecurityManager: Changing modify acls groups to:
[2025-11-02T11:24:36.190+0000] {subprocess.py:93} INFO - 25/11/02 11:24:36 INFO SecurityManager: SecurityManager: authentication disabled; ui acls disabled; users with view permissions: ***; groups with view permissions: EMPTY; users with modify permissions: ***; groups with modify permissions: EMPTY
[2025-11-02T11:24:36.334+0000] {subprocess.py:93} INFO - 25/11/02 11:24:36 INFO Utils: Successfully started service 'sparkDriver' on port 40639.
[2025-11-02T11:24:36.355+0000] {subprocess.py:93} INFO - 25/11/02 11:24:36 INFO SparkEnv: Registering MapOutputTracker
[2025-11-02T11:24:36.381+0000] {subprocess.py:93} INFO - 25/11/02 11:24:36 INFO SparkEnv: Registering BlockManagerMaster
[2025-11-02T11:24:36.392+0000] {subprocess.py:93} INFO - 25/11/02 11:24:36 INFO BlockManagerMasterEndpoint: Using org.apache.spark.storage.DefaultTopologyMapper for getting topology information
[2025-11-02T11:24:36.395+0000] {subprocess.py:93} INFO - 25/11/02 11:24:36 INFO BlockManagerMasterEndpoint: BlockManagerMasterEndpoint up
[2025-11-02T11:24:36.396+0000] {subprocess.py:93} INFO - 25/11/02 11:24:36 INFO SparkEnv: Registering BlockManagerMasterHeartbeat
[2025-11-02T11:24:36.408+0000] {subprocess.py:93} INFO - 25/11/02 11:24:36 INFO DiskBlockManager: Created local directory at /tmp/blockmgr-cc3ae2df-0c17-4c93-b8de-1a2e45481fbb
[2025-11-02T11:24:36.420+0000] {subprocess.py:93} INFO - 25/11/02 11:24:36 INFO MemoryStore: MemoryStore started with capacity 434.4 MiB
[2025-11-02T11:24:36.432+0000] {subprocess.py:93} INFO - 25/11/02 11:24:36 INFO SparkEnv: Registering OutputCommitCoordinator
[2025-11-02T11:24:36.518+0000] {subprocess.py:93} INFO - 25/11/02 11:24:36 INFO JettyUtils: Start Jetty 0.0.0.0:4040 for SparkUI
[2025-11-02T11:24:36.575+0000] {subprocess.py:93} INFO - 25/11/02 11:24:36 INFO Utils: Successfully started service 'SparkUI' on port 4040.
[2025-11-02T11:24:36.603+0000] {subprocess.py:93} INFO - 25/11/02 11:24:36 INFO SparkContext: Added JAR file:///home/***/.ivy2/jars/org.apache.iceberg_iceberg-spark-runtime-3.4_2.12-1.5.0.jar at spark://4bd4a2df5838:40639/jars/org.apache.iceberg_iceberg-spark-runtime-3.4_2.12-1.5.0.jar with timestamp 1762082676093
[2025-11-02T11:24:36.605+0000] {subprocess.py:93} INFO - 25/11/02 11:24:36 INFO SparkContext: Added JAR file:///home/***/.ivy2/jars/org.apache.hadoop_hadoop-aws-3.3.4.jar at spark://4bd4a2df5838:40639/jars/org.apache.hadoop_hadoop-aws-3.3.4.jar with timestamp 1762082676093
[2025-11-02T11:24:36.606+0000] {subprocess.py:93} INFO - 25/11/02 11:24:36 INFO SparkContext: Added JAR file:///home/***/.ivy2/jars/com.amazonaws_aws-java-sdk-bundle-1.12.262.jar at spark://4bd4a2df5838:40639/jars/com.amazonaws_aws-java-sdk-bundle-1.12.262.jar with timestamp 1762082676093
[2025-11-02T11:24:36.608+0000] {subprocess.py:93} INFO - 25/11/02 11:24:36 INFO SparkContext: Added JAR file:///home/***/.ivy2/jars/org.wildfly.openssl_wildfly-openssl-1.0.7.Final.jar at spark://4bd4a2df5838:40639/jars/org.wildfly.openssl_wildfly-openssl-1.0.7.Final.jar with timestamp 1762082676093
[2025-11-02T11:24:36.610+0000] {subprocess.py:93} INFO - 25/11/02 11:24:36 INFO SparkContext: Added file file:///home/***/.ivy2/jars/org.apache.iceberg_iceberg-spark-runtime-3.4_2.12-1.5.0.jar at spark://4bd4a2df5838:40639/files/org.apache.iceberg_iceberg-spark-runtime-3.4_2.12-1.5.0.jar with timestamp 1762082676093
[2025-11-02T11:24:36.611+0000] {subprocess.py:93} INFO - 25/11/02 11:24:36 INFO Utils: Copying /home/***/.ivy2/jars/org.apache.iceberg_iceberg-spark-runtime-3.4_2.12-1.5.0.jar to /tmp/spark-5cd6a702-57d3-4a27-9677-650540218999/userFiles-cc2e4528-9d63-4060-9bf0-7f1736ef2875/org.apache.iceberg_iceberg-spark-runtime-3.4_2.12-1.5.0.jar
[2025-11-02T11:24:36.665+0000] {subprocess.py:93} INFO - 25/11/02 11:24:36 INFO SparkContext: Added file file:///home/***/.ivy2/jars/org.apache.hadoop_hadoop-aws-3.3.4.jar at spark://4bd4a2df5838:40639/files/org.apache.hadoop_hadoop-aws-3.3.4.jar with timestamp 1762082676093
[2025-11-02T11:24:36.668+0000] {subprocess.py:93} INFO - 25/11/02 11:24:36 INFO Utils: Copying /home/***/.ivy2/jars/org.apache.hadoop_hadoop-aws-3.3.4.jar to /tmp/spark-5cd6a702-57d3-4a27-9677-650540218999/userFiles-cc2e4528-9d63-4060-9bf0-7f1736ef2875/org.apache.hadoop_hadoop-aws-3.3.4.jar
[2025-11-02T11:24:36.677+0000] {subprocess.py:93} INFO - 25/11/02 11:24:36 INFO SparkContext: Added file file:///home/***/.ivy2/jars/com.amazonaws_aws-java-sdk-bundle-1.12.262.jar at spark://4bd4a2df5838:40639/files/com.amazonaws_aws-java-sdk-bundle-1.12.262.jar with timestamp 1762082676093
[2025-11-02T11:24:36.679+0000] {subprocess.py:93} INFO - 25/11/02 11:24:36 INFO Utils: Copying /home/***/.ivy2/jars/com.amazonaws_aws-java-sdk-bundle-1.12.262.jar to /tmp/spark-5cd6a702-57d3-4a27-9677-650540218999/userFiles-cc2e4528-9d63-4060-9bf0-7f1736ef2875/com.amazonaws_aws-java-sdk-bundle-1.12.262.jar
[2025-11-02T11:24:36.957+0000] {subprocess.py:93} INFO - 25/11/02 11:24:36 INFO SparkContext: Added file file:///home/***/.ivy2/jars/org.wildfly.openssl_wildfly-openssl-1.0.7.Final.jar at spark://4bd4a2df5838:40639/files/org.wildfly.openssl_wildfly-openssl-1.0.7.Final.jar with timestamp 1762082676093
[2025-11-02T11:24:36.959+0000] {subprocess.py:93} INFO - 25/11/02 11:24:36 INFO Utils: Copying /home/***/.ivy2/jars/org.wildfly.openssl_wildfly-openssl-1.0.7.Final.jar to /tmp/spark-5cd6a702-57d3-4a27-9677-650540218999/userFiles-cc2e4528-9d63-4060-9bf0-7f1736ef2875/org.wildfly.openssl_wildfly-openssl-1.0.7.Final.jar
[2025-11-02T11:24:37.048+0000] {subprocess.py:93} INFO - 25/11/02 11:24:37 INFO StandaloneAppClient$ClientEndpoint: Connecting to master spark://spark-master:7077...
[2025-11-02T11:24:37.097+0000] {subprocess.py:93} INFO - 25/11/02 11:24:37 INFO TransportClientFactory: Successfully created connection to spark-master/172.18.0.3:7077 after 28 ms (0 ms spent in bootstraps)
[2025-11-02T11:24:37.190+0000] {subprocess.py:93} INFO - 25/11/02 11:24:37 INFO StandaloneSchedulerBackend: Connected to Spark cluster with app ID app-20251102112437-0006
[2025-11-02T11:24:37.193+0000] {subprocess.py:93} INFO - 25/11/02 11:24:37 INFO StandaloneAppClient$ClientEndpoint: Executor added: app-20251102112437-0006/0 on worker-20251102102542-172.18.0.5-39375 (172.18.0.5:39375) with 2 core(s)
[2025-11-02T11:24:37.199+0000] {subprocess.py:93} INFO - 25/11/02 11:24:37 INFO StandaloneSchedulerBackend: Granted executor ID app-20251102112437-0006/0 on hostPort 172.18.0.5:39375 with 2 core(s), 1024.0 MiB RAM
[2025-11-02T11:24:37.203+0000] {subprocess.py:93} INFO - 25/11/02 11:24:37 INFO Utils: Successfully started service 'org.apache.spark.network.netty.NettyBlockTransferService' on port 32811.
[2025-11-02T11:24:37.206+0000] {subprocess.py:93} INFO - 25/11/02 11:24:37 INFO NettyBlockTransferService: Server created on 4bd4a2df5838:32811
[2025-11-02T11:24:37.208+0000] {subprocess.py:93} INFO - 25/11/02 11:24:37 INFO BlockManager: Using org.apache.spark.storage.RandomBlockReplicationPolicy for block replication policy
[2025-11-02T11:24:37.217+0000] {subprocess.py:93} INFO - 25/11/02 11:24:37 INFO BlockManagerMaster: Registering BlockManager BlockManagerId(driver, 4bd4a2df5838, 32811, None)
[2025-11-02T11:24:37.222+0000] {subprocess.py:93} INFO - 25/11/02 11:24:37 INFO BlockManagerMasterEndpoint: Registering block manager 4bd4a2df5838:32811 with 434.4 MiB RAM, BlockManagerId(driver, 4bd4a2df5838, 32811, None)
[2025-11-02T11:24:37.225+0000] {subprocess.py:93} INFO - 25/11/02 11:24:37 INFO BlockManagerMaster: Registered BlockManager BlockManagerId(driver, 4bd4a2df5838, 32811, None)
[2025-11-02T11:24:37.227+0000] {subprocess.py:93} INFO - 25/11/02 11:24:37 INFO BlockManager: Initialized BlockManager: BlockManagerId(driver, 4bd4a2df5838, 32811, None)
[2025-11-02T11:24:37.294+0000] {subprocess.py:93} INFO - 25/11/02 11:24:37 INFO StandaloneAppClient$ClientEndpoint: Executor updated: app-20251102112437-0006/0 is now RUNNING
[2025-11-02T11:24:37.559+0000] {subprocess.py:93} INFO - 25/11/02 11:24:37 INFO StandaloneSchedulerBackend: SchedulerBackend is ready for scheduling beginning after reached minRegisteredResourcesRatio: 0.0
[2025-11-02T11:24:37.796+0000] {subprocess.py:93} INFO - Traceback (most recent call last):
[2025-11-02T11:24:37.798+0000] {subprocess.py:93} INFO -   File "/opt/spark-3.4.0-bin-hadoop3/work-dir/scripts/gold_modeling/Dimensions/Dimensions.py", line 27, in <module>
[2025-11-02T11:24:37.804+0000] {subprocess.py:93} INFO -     Customer_dim(spark)
[2025-11-02T11:24:37.805+0000] {subprocess.py:93} INFO - TypeError: main() takes 0 positional arguments but 1 was given
[2025-11-02T11:24:37.807+0000] {subprocess.py:93} INFO - INFO:py4j.clientserver:Closing down clientserver connection
[2025-11-02T11:24:37.863+0000] {subprocess.py:93} INFO - 25/11/02 11:24:37 INFO SparkContext: Invoking stop() from shutdown hook
[2025-11-02T11:24:37.867+0000] {subprocess.py:93} INFO - 25/11/02 11:24:37 INFO SparkContext: SparkContext is stopping with exitCode 0.
[2025-11-02T11:24:37.882+0000] {subprocess.py:93} INFO - 25/11/02 11:24:37 INFO SparkUI: Stopped Spark web UI at http://4bd4a2df5838:4040
[2025-11-02T11:24:37.888+0000] {subprocess.py:93} INFO - 25/11/02 11:24:37 INFO StandaloneSchedulerBackend: Shutting down all executors
[2025-11-02T11:24:37.893+0000] {subprocess.py:93} INFO - 25/11/02 11:24:37 INFO StandaloneSchedulerBackend$StandaloneDriverEndpoint: Asking each executor to shut down
[2025-11-02T11:24:37.915+0000] {subprocess.py:93} INFO - 25/11/02 11:24:37 INFO MapOutputTrackerMasterEndpoint: MapOutputTrackerMasterEndpoint stopped!
[2025-11-02T11:24:37.929+0000] {subprocess.py:93} INFO - 25/11/02 11:24:37 INFO MemoryStore: MemoryStore cleared
[2025-11-02T11:24:37.931+0000] {subprocess.py:93} INFO - 25/11/02 11:24:37 INFO BlockManager: BlockManager stopped
[2025-11-02T11:24:37.939+0000] {subprocess.py:93} INFO - 25/11/02 11:24:37 INFO BlockManagerMaster: BlockManagerMaster stopped
[2025-11-02T11:24:37.942+0000] {subprocess.py:93} INFO - 25/11/02 11:24:37 INFO OutputCommitCoordinator$OutputCommitCoordinatorEndpoint: OutputCommitCoordinator stopped!
[2025-11-02T11:24:37.988+0000] {subprocess.py:93} INFO - 25/11/02 11:24:37 INFO SparkContext: Successfully stopped SparkContext
[2025-11-02T11:24:37.990+0000] {subprocess.py:93} INFO - 25/11/02 11:24:37 INFO ShutdownHookManager: Shutdown hook called
[2025-11-02T11:24:37.991+0000] {subprocess.py:93} INFO - 25/11/02 11:24:37 INFO ShutdownHookManager: Deleting directory /tmp/spark-5cd6a702-57d3-4a27-9677-650540218999
[2025-11-02T11:24:37.994+0000] {subprocess.py:93} INFO - 25/11/02 11:24:37 INFO ShutdownHookManager: Deleting directory /tmp/spark-31b92583-02ff-4a6a-8566-3e87ad3bbf36
[2025-11-02T11:24:37.998+0000] {subprocess.py:93} INFO - 25/11/02 11:24:37 INFO ShutdownHookManager: Deleting directory /tmp/spark-5cd6a702-57d3-4a27-9677-650540218999/pyspark-c070040b-6b66-4d53-b85d-b5a10edd4718
[2025-11-02T11:24:38.025+0000] {subprocess.py:97} INFO - Command exited with return code 1
[2025-11-02T11:24:38.037+0000] {taskinstance.py:3310} ERROR - Task failed with exception
Traceback (most recent call last):
  File "/home/airflow/.local/lib/python3.11/site-packages/airflow/models/taskinstance.py", line 767, in _execute_task
    result = _execute_callable(context=context, **execute_callable_kwargs)
             ^^^^^^^^^^^^^^^^^^^^^^^^^^^^^^^^^^^^^^^^^^^^^^^^^^^^^^^^^^^^^
  File "/home/airflow/.local/lib/python3.11/site-packages/airflow/models/taskinstance.py", line 733, in _execute_callable
    return ExecutionCallableRunner(
           ^^^^^^^^^^^^^^^^^^^^^^^^
  File "/home/airflow/.local/lib/python3.11/site-packages/airflow/utils/operator_helpers.py", line 252, in run
    return self.func(*args, **kwargs)
           ^^^^^^^^^^^^^^^^^^^^^^^^^^
  File "/home/airflow/.local/lib/python3.11/site-packages/airflow/models/baseoperator.py", line 406, in wrapper
    return func(self, *args, **kwargs)
           ^^^^^^^^^^^^^^^^^^^^^^^^^^^
  File "/home/airflow/.local/lib/python3.11/site-packages/airflow/operators/bash.py", line 249, in execute
    raise AirflowException(
airflow.exceptions.AirflowException: Bash command failed. The command returned a non-zero exit code 1.
[2025-11-02T11:24:38.043+0000] {taskinstance.py:1225} INFO - Marking task as FAILED. dag_id=modeling, task_id=gold_modeling_dimensions, run_id=manual__2025-11-02T11:24:32+00:00, execution_date=20251102T112432, start_date=20251102T112432, end_date=20251102T112438
[2025-11-02T11:24:38.056+0000] {taskinstance.py:340} INFO - ::group::Post task execution logs
[2025-11-02T11:24:38.058+0000] {standard_task_runner.py:124} ERROR - Failed to execute job 26 for task gold_modeling_dimensions (Bash command failed. The command returned a non-zero exit code 1.; 183)
Traceback (most recent call last):
  File "/home/airflow/.local/lib/python3.11/site-packages/airflow/task/task_runner/standard_task_runner.py", line 117, in _start_by_fork
    ret = args.func(args, dag=self.dag)
          ^^^^^^^^^^^^^^^^^^^^^^^^^^^^^
  File "/home/airflow/.local/lib/python3.11/site-packages/airflow/cli/cli_config.py", line 49, in command
    return func(*args, **kwargs)
           ^^^^^^^^^^^^^^^^^^^^^
  File "/home/airflow/.local/lib/python3.11/site-packages/airflow/utils/cli.py", line 115, in wrapper
    return f(*args, **kwargs)
           ^^^^^^^^^^^^^^^^^^
  File "/home/airflow/.local/lib/python3.11/site-packages/airflow/cli/commands/task_command.py", line 483, in task_run
    task_return_code = _run_task_by_selected_method(args, _dag, ti)
                       ^^^^^^^^^^^^^^^^^^^^^^^^^^^^^^^^^^^^^^^^^^^^
  File "/home/airflow/.local/lib/python3.11/site-packages/airflow/cli/commands/task_command.py", line 256, in _run_task_by_selected_method
    return _run_raw_task(args, ti)
           ^^^^^^^^^^^^^^^^^^^^^^^
  File "/home/airflow/.local/lib/python3.11/site-packages/airflow/cli/commands/task_command.py", line 341, in _run_raw_task
    return ti._run_raw_task(
           ^^^^^^^^^^^^^^^^^
  File "/home/airflow/.local/lib/python3.11/site-packages/airflow/utils/session.py", line 97, in wrapper
    return func(*args, session=session, **kwargs)
           ^^^^^^^^^^^^^^^^^^^^^^^^^^^^^^^^^^^^^^
  File "/home/airflow/.local/lib/python3.11/site-packages/airflow/models/taskinstance.py", line 3004, in _run_raw_task
    return _run_raw_task(
           ^^^^^^^^^^^^^^
  File "/home/airflow/.local/lib/python3.11/site-packages/airflow/models/taskinstance.py", line 273, in _run_raw_task
    TaskInstance._execute_task_with_callbacks(
  File "/home/airflow/.local/lib/python3.11/site-packages/airflow/models/taskinstance.py", line 3158, in _execute_task_with_callbacks
    result = self._execute_task(context, task_orig)
             ^^^^^^^^^^^^^^^^^^^^^^^^^^^^^^^^^^^^^^
  File "/home/airflow/.local/lib/python3.11/site-packages/airflow/models/taskinstance.py", line 3182, in _execute_task
    return _execute_task(self, context, task_orig)
           ^^^^^^^^^^^^^^^^^^^^^^^^^^^^^^^^^^^^^^^
  File "/home/airflow/.local/lib/python3.11/site-packages/airflow/models/taskinstance.py", line 767, in _execute_task
    result = _execute_callable(context=context, **execute_callable_kwargs)
             ^^^^^^^^^^^^^^^^^^^^^^^^^^^^^^^^^^^^^^^^^^^^^^^^^^^^^^^^^^^^^
  File "/home/airflow/.local/lib/python3.11/site-packages/airflow/models/taskinstance.py", line 733, in _execute_callable
    return ExecutionCallableRunner(
           ^^^^^^^^^^^^^^^^^^^^^^^^
  File "/home/airflow/.local/lib/python3.11/site-packages/airflow/utils/operator_helpers.py", line 252, in run
    return self.func(*args, **kwargs)
           ^^^^^^^^^^^^^^^^^^^^^^^^^^
  File "/home/airflow/.local/lib/python3.11/site-packages/airflow/models/baseoperator.py", line 406, in wrapper
    return func(self, *args, **kwargs)
           ^^^^^^^^^^^^^^^^^^^^^^^^^^^
  File "/home/airflow/.local/lib/python3.11/site-packages/airflow/operators/bash.py", line 249, in execute
    raise AirflowException(
airflow.exceptions.AirflowException: Bash command failed. The command returned a non-zero exit code 1.
[2025-11-02T11:24:38.087+0000] {local_task_job_runner.py:266} INFO - Task exited with return code 1
[2025-11-02T11:24:38.106+0000] {taskinstance.py:3900} INFO - 0 downstream tasks scheduled from follow-on schedule check
[2025-11-02T11:24:38.114+0000] {local_task_job_runner.py:245} INFO - ::endgroup::
