[2025-11-02T11:33:16.109+0000] {local_task_job_runner.py:123} INFO - ::group::Pre task execution logs
[2025-11-02T11:33:16.127+0000] {taskinstance.py:2612} INFO - Dependencies all met for dep_context=non-requeueable deps ti=<TaskInstance: modeling.gold_modeling_dimensions manual__2025-11-02T11:33:15+00:00 [queued]>
[2025-11-02T11:33:16.136+0000] {taskinstance.py:2612} INFO - Dependencies all met for dep_context=requeueable deps ti=<TaskInstance: modeling.gold_modeling_dimensions manual__2025-11-02T11:33:15+00:00 [queued]>
[2025-11-02T11:33:16.139+0000] {taskinstance.py:2865} INFO - Starting attempt 1 of 1
[2025-11-02T11:33:16.153+0000] {taskinstance.py:2888} INFO - Executing <Task(BashOperator): gold_modeling_dimensions> on 2025-11-02 11:33:15+00:00
[2025-11-02T11:33:16.159+0000] {standard_task_runner.py:72} INFO - Started process 189 to run task
[2025-11-02T11:33:16.163+0000] {standard_task_runner.py:104} INFO - Running: ['***', 'tasks', 'run', 'modeling', 'gold_modeling_dimensions', 'manual__2025-11-02T11:33:15+00:00', '--job-id', '31', '--raw', '--subdir', 'DAGS_FOLDER/modeling.py', '--cfg-path', '/tmp/tmp8_7dyc7o']
[2025-11-02T11:33:16.165+0000] {standard_task_runner.py:105} INFO - Job 31: Subtask gold_modeling_dimensions
[2025-11-02T11:33:16.217+0000] {task_command.py:467} INFO - Running <TaskInstance: modeling.gold_modeling_dimensions manual__2025-11-02T11:33:15+00:00 [running]> on host 4bd4a2df5838
[2025-11-02T11:33:16.296+0000] {taskinstance.py:3131} INFO - Exporting env vars: AIRFLOW_CTX_DAG_OWNER='***' AIRFLOW_CTX_DAG_ID='modeling' AIRFLOW_CTX_TASK_ID='gold_modeling_dimensions' AIRFLOW_CTX_EXECUTION_DATE='2025-11-02T11:33:15+00:00' AIRFLOW_CTX_TRY_NUMBER='1' AIRFLOW_CTX_DAG_RUN_ID='manual__2025-11-02T11:33:15+00:00'
[2025-11-02T11:33:16.298+0000] {taskinstance.py:731} INFO - ::endgroup::
[2025-11-02T11:33:16.311+0000] {subprocess.py:63} INFO - Tmp dir root location: /tmp
[2025-11-02T11:33:16.314+0000] {subprocess.py:75} INFO - Running command: ['/usr/bin/bash', '-c', 'spark-submit --master spark://spark-master:7077 --packages org.apache.iceberg:iceberg-spark-runtime-3.4_2.12:1.5.0,org.apache.hadoop:hadoop-aws:3.3.4,com.amazonaws:aws-java-sdk-bundle:1.12.262 --conf spark.hadoop.fs.s3a.endpoint=https://repulsive-spooky-cemetery-9rw4pvr4w66f4g6-4566.app.github.dev --conf spark.hadoop.fs.s3a.access.key=test --conf spark.hadoop.fs.s3a.secret.key=test --conf spark.hadoop.fs.s3a.path.style.access=true --conf spark.hadoop.fs.s3a.impl=org.apache.hadoop.fs.s3a.S3AFileSystem --conf spark.hadoop.fs.s3a.connection.ssl.enabled=true /opt/spark/work-dir/scripts/gold_modeling/Dimensions/Dimensions.py']
[2025-11-02T11:33:16.326+0000] {subprocess.py:86} INFO - Output:
[2025-11-02T11:33:17.402+0000] {subprocess.py:93} INFO - :: loading settings :: url = jar:file:/opt/spark-3.4.0-bin-hadoop3/jars/ivy-2.5.1.jar!/org/apache/ivy/core/settings/ivysettings.xml
[2025-11-02T11:33:17.499+0000] {subprocess.py:93} INFO - Ivy Default Cache set to: /home/***/.ivy2/cache
[2025-11-02T11:33:17.502+0000] {subprocess.py:93} INFO - The jars for the packages stored in: /home/***/.ivy2/jars
[2025-11-02T11:33:17.504+0000] {subprocess.py:93} INFO - org.apache.iceberg#iceberg-spark-runtime-3.4_2.12 added as a dependency
[2025-11-02T11:33:17.506+0000] {subprocess.py:93} INFO - org.apache.hadoop#hadoop-aws added as a dependency
[2025-11-02T11:33:17.507+0000] {subprocess.py:93} INFO - com.amazonaws#aws-java-sdk-bundle added as a dependency
[2025-11-02T11:33:17.509+0000] {subprocess.py:93} INFO - :: resolving dependencies :: org.apache.spark#spark-submit-parent-85e1ad8b-67f7-4620-ae31-2cb2d2b2afbd;1.0
[2025-11-02T11:33:17.510+0000] {subprocess.py:93} INFO - 	confs: [default]
[2025-11-02T11:33:17.592+0000] {subprocess.py:93} INFO - 	found org.apache.iceberg#iceberg-spark-runtime-3.4_2.12;1.5.0 in central
[2025-11-02T11:33:17.643+0000] {subprocess.py:93} INFO - 	found org.apache.hadoop#hadoop-aws;3.3.4 in central
[2025-11-02T11:33:17.662+0000] {subprocess.py:93} INFO - 	found com.amazonaws#aws-java-sdk-bundle;1.12.262 in central
[2025-11-02T11:33:17.690+0000] {subprocess.py:93} INFO - 	found org.wildfly.openssl#wildfly-openssl;1.0.7.Final in central
[2025-11-02T11:33:17.711+0000] {subprocess.py:93} INFO - :: resolution report :: resolve 199ms :: artifacts dl 7ms
[2025-11-02T11:33:17.712+0000] {subprocess.py:93} INFO - 	:: modules in use:
[2025-11-02T11:33:17.714+0000] {subprocess.py:93} INFO - 	com.amazonaws#aws-java-sdk-bundle;1.12.262 from central in [default]
[2025-11-02T11:33:17.715+0000] {subprocess.py:93} INFO - 	org.apache.hadoop#hadoop-aws;3.3.4 from central in [default]
[2025-11-02T11:33:17.716+0000] {subprocess.py:93} INFO - 	org.apache.iceberg#iceberg-spark-runtime-3.4_2.12;1.5.0 from central in [default]
[2025-11-02T11:33:17.718+0000] {subprocess.py:93} INFO - 	org.wildfly.openssl#wildfly-openssl;1.0.7.Final from central in [default]
[2025-11-02T11:33:17.720+0000] {subprocess.py:93} INFO - 	---------------------------------------------------------------------
[2025-11-02T11:33:17.721+0000] {subprocess.py:93} INFO - 	|                  |            modules            ||   artifacts   |
[2025-11-02T11:33:17.722+0000] {subprocess.py:93} INFO - 	|       conf       | number| search|dwnlded|evicted|| number|dwnlded|
[2025-11-02T11:33:17.724+0000] {subprocess.py:93} INFO - 	---------------------------------------------------------------------
[2025-11-02T11:33:17.726+0000] {subprocess.py:93} INFO - 	|      default     |   4   |   0   |   0   |   0   ||   4   |   0   |
[2025-11-02T11:33:17.728+0000] {subprocess.py:93} INFO - 	---------------------------------------------------------------------
[2025-11-02T11:33:17.729+0000] {subprocess.py:93} INFO - :: retrieving :: org.apache.spark#spark-submit-parent-85e1ad8b-67f7-4620-ae31-2cb2d2b2afbd
[2025-11-02T11:33:17.731+0000] {subprocess.py:93} INFO - 	confs: [default]
[2025-11-02T11:33:17.733+0000] {subprocess.py:93} INFO - 	0 artifacts copied, 4 already retrieved (0kB/6ms)
[2025-11-02T11:33:17.888+0000] {subprocess.py:93} INFO - 25/11/02 11:33:17 WARN NativeCodeLoader: Unable to load native-hadoop library for your platform... using builtin-java classes where applicable
[2025-11-02T11:33:19.723+0000] {subprocess.py:93} INFO - 25/11/02 11:33:19 INFO SparkContext: Running Spark version 3.4.0
[2025-11-02T11:33:19.750+0000] {subprocess.py:93} INFO - 25/11/02 11:33:19 INFO ResourceUtils: ==============================================================
[2025-11-02T11:33:19.752+0000] {subprocess.py:93} INFO - 25/11/02 11:33:19 INFO ResourceUtils: No custom resources configured for spark.driver.
[2025-11-02T11:33:19.754+0000] {subprocess.py:93} INFO - 25/11/02 11:33:19 INFO ResourceUtils: ==============================================================
[2025-11-02T11:33:19.756+0000] {subprocess.py:93} INFO - 25/11/02 11:33:19 INFO SparkContext: Submitted application: Gold_Modeling_Dimensions
[2025-11-02T11:33:19.771+0000] {subprocess.py:93} INFO - 25/11/02 11:33:19 INFO ResourceProfile: Default ResourceProfile created, executor resources: Map(memory -> name: memory, amount: 1024, script: , vendor: , offHeap -> name: offHeap, amount: 0, script: , vendor: ), task resources: Map(cpus -> name: cpus, amount: 1.0)
[2025-11-02T11:33:19.777+0000] {subprocess.py:93} INFO - 25/11/02 11:33:19 INFO ResourceProfile: Limiting resource is cpu
[2025-11-02T11:33:19.780+0000] {subprocess.py:93} INFO - 25/11/02 11:33:19 INFO ResourceProfileManager: Added ResourceProfile id: 0
[2025-11-02T11:33:19.828+0000] {subprocess.py:93} INFO - 25/11/02 11:33:19 INFO SecurityManager: Changing view acls to: ***
[2025-11-02T11:33:19.832+0000] {subprocess.py:93} INFO - 25/11/02 11:33:19 INFO SecurityManager: Changing modify acls to: ***
[2025-11-02T11:33:19.835+0000] {subprocess.py:93} INFO - 25/11/02 11:33:19 INFO SecurityManager: Changing view acls groups to:
[2025-11-02T11:33:19.837+0000] {subprocess.py:93} INFO - 25/11/02 11:33:19 INFO SecurityManager: Changing modify acls groups to:
[2025-11-02T11:33:19.839+0000] {subprocess.py:93} INFO - 25/11/02 11:33:19 INFO SecurityManager: SecurityManager: authentication disabled; ui acls disabled; users with view permissions: ***; groups with view permissions: EMPTY; users with modify permissions: ***; groups with modify permissions: EMPTY
[2025-11-02T11:33:20.009+0000] {subprocess.py:93} INFO - 25/11/02 11:33:20 INFO Utils: Successfully started service 'sparkDriver' on port 44461.
[2025-11-02T11:33:20.036+0000] {subprocess.py:93} INFO - 25/11/02 11:33:20 INFO SparkEnv: Registering MapOutputTracker
[2025-11-02T11:33:20.072+0000] {subprocess.py:93} INFO - 25/11/02 11:33:20 INFO SparkEnv: Registering BlockManagerMaster
[2025-11-02T11:33:20.087+0000] {subprocess.py:93} INFO - 25/11/02 11:33:20 INFO BlockManagerMasterEndpoint: Using org.apache.spark.storage.DefaultTopologyMapper for getting topology information
[2025-11-02T11:33:20.089+0000] {subprocess.py:93} INFO - 25/11/02 11:33:20 INFO BlockManagerMasterEndpoint: BlockManagerMasterEndpoint up
[2025-11-02T11:33:20.091+0000] {subprocess.py:93} INFO - 25/11/02 11:33:20 INFO SparkEnv: Registering BlockManagerMasterHeartbeat
[2025-11-02T11:33:20.108+0000] {subprocess.py:93} INFO - 25/11/02 11:33:20 INFO DiskBlockManager: Created local directory at /tmp/blockmgr-51b5d9d7-fd5f-4e5b-b195-543e2f6b8735
[2025-11-02T11:33:20.121+0000] {subprocess.py:93} INFO - 25/11/02 11:33:20 INFO MemoryStore: MemoryStore started with capacity 434.4 MiB
[2025-11-02T11:33:20.137+0000] {subprocess.py:93} INFO - 25/11/02 11:33:20 INFO SparkEnv: Registering OutputCommitCoordinator
[2025-11-02T11:33:20.244+0000] {subprocess.py:93} INFO - 25/11/02 11:33:20 INFO JettyUtils: Start Jetty 0.0.0.0:4040 for SparkUI
[2025-11-02T11:33:20.306+0000] {subprocess.py:93} INFO - 25/11/02 11:33:20 INFO Utils: Successfully started service 'SparkUI' on port 4040.
[2025-11-02T11:33:20.338+0000] {subprocess.py:93} INFO - 25/11/02 11:33:20 INFO SparkContext: Added JAR file:///home/***/.ivy2/jars/org.apache.iceberg_iceberg-spark-runtime-3.4_2.12-1.5.0.jar at spark://4bd4a2df5838:44461/jars/org.apache.iceberg_iceberg-spark-runtime-3.4_2.12-1.5.0.jar with timestamp 1762083199717
[2025-11-02T11:33:20.340+0000] {subprocess.py:93} INFO - 25/11/02 11:33:20 INFO SparkContext: Added JAR file:///home/***/.ivy2/jars/org.apache.hadoop_hadoop-aws-3.3.4.jar at spark://4bd4a2df5838:44461/jars/org.apache.hadoop_hadoop-aws-3.3.4.jar with timestamp 1762083199717
[2025-11-02T11:33:20.342+0000] {subprocess.py:93} INFO - 25/11/02 11:33:20 INFO SparkContext: Added JAR file:///home/***/.ivy2/jars/com.amazonaws_aws-java-sdk-bundle-1.12.262.jar at spark://4bd4a2df5838:44461/jars/com.amazonaws_aws-java-sdk-bundle-1.12.262.jar with timestamp 1762083199717
[2025-11-02T11:33:20.343+0000] {subprocess.py:93} INFO - 25/11/02 11:33:20 INFO SparkContext: Added JAR file:///home/***/.ivy2/jars/org.wildfly.openssl_wildfly-openssl-1.0.7.Final.jar at spark://4bd4a2df5838:44461/jars/org.wildfly.openssl_wildfly-openssl-1.0.7.Final.jar with timestamp 1762083199717
[2025-11-02T11:33:20.345+0000] {subprocess.py:93} INFO - 25/11/02 11:33:20 INFO SparkContext: Added file file:///home/***/.ivy2/jars/org.apache.iceberg_iceberg-spark-runtime-3.4_2.12-1.5.0.jar at spark://4bd4a2df5838:44461/files/org.apache.iceberg_iceberg-spark-runtime-3.4_2.12-1.5.0.jar with timestamp 1762083199717
[2025-11-02T11:33:20.347+0000] {subprocess.py:93} INFO - 25/11/02 11:33:20 INFO Utils: Copying /home/***/.ivy2/jars/org.apache.iceberg_iceberg-spark-runtime-3.4_2.12-1.5.0.jar to /tmp/spark-cd63e54a-c220-4ff9-9b1b-9ab7b874b668/userFiles-d8fec087-7f90-4c54-8a73-532e3f57bcaf/org.apache.iceberg_iceberg-spark-runtime-3.4_2.12-1.5.0.jar
[2025-11-02T11:33:20.383+0000] {subprocess.py:93} INFO - 25/11/02 11:33:20 INFO SparkContext: Added file file:///home/***/.ivy2/jars/org.apache.hadoop_hadoop-aws-3.3.4.jar at spark://4bd4a2df5838:44461/files/org.apache.hadoop_hadoop-aws-3.3.4.jar with timestamp 1762083199717
[2025-11-02T11:33:20.385+0000] {subprocess.py:93} INFO - 25/11/02 11:33:20 INFO Utils: Copying /home/***/.ivy2/jars/org.apache.hadoop_hadoop-aws-3.3.4.jar to /tmp/spark-cd63e54a-c220-4ff9-9b1b-9ab7b874b668/userFiles-d8fec087-7f90-4c54-8a73-532e3f57bcaf/org.apache.hadoop_hadoop-aws-3.3.4.jar
[2025-11-02T11:33:20.389+0000] {subprocess.py:93} INFO - 25/11/02 11:33:20 INFO SparkContext: Added file file:///home/***/.ivy2/jars/com.amazonaws_aws-java-sdk-bundle-1.12.262.jar at spark://4bd4a2df5838:44461/files/com.amazonaws_aws-java-sdk-bundle-1.12.262.jar with timestamp 1762083199717
[2025-11-02T11:33:20.391+0000] {subprocess.py:93} INFO - 25/11/02 11:33:20 INFO Utils: Copying /home/***/.ivy2/jars/com.amazonaws_aws-java-sdk-bundle-1.12.262.jar to /tmp/spark-cd63e54a-c220-4ff9-9b1b-9ab7b874b668/userFiles-d8fec087-7f90-4c54-8a73-532e3f57bcaf/com.amazonaws_aws-java-sdk-bundle-1.12.262.jar
[2025-11-02T11:33:20.632+0000] {subprocess.py:93} INFO - 25/11/02 11:33:20 INFO SparkContext: Added file file:///home/***/.ivy2/jars/org.wildfly.openssl_wildfly-openssl-1.0.7.Final.jar at spark://4bd4a2df5838:44461/files/org.wildfly.openssl_wildfly-openssl-1.0.7.Final.jar with timestamp 1762083199717
[2025-11-02T11:33:20.634+0000] {subprocess.py:93} INFO - 25/11/02 11:33:20 INFO Utils: Copying /home/***/.ivy2/jars/org.wildfly.openssl_wildfly-openssl-1.0.7.Final.jar to /tmp/spark-cd63e54a-c220-4ff9-9b1b-9ab7b874b668/userFiles-d8fec087-7f90-4c54-8a73-532e3f57bcaf/org.wildfly.openssl_wildfly-openssl-1.0.7.Final.jar
[2025-11-02T11:33:20.705+0000] {subprocess.py:93} INFO - 25/11/02 11:33:20 INFO StandaloneAppClient$ClientEndpoint: Connecting to master spark://spark-master:7077...
[2025-11-02T11:33:20.742+0000] {subprocess.py:93} INFO - 25/11/02 11:33:20 INFO TransportClientFactory: Successfully created connection to spark-master/172.18.0.3:7077 after 22 ms (0 ms spent in bootstraps)
[2025-11-02T11:33:20.816+0000] {subprocess.py:93} INFO - 25/11/02 11:33:20 INFO StandaloneSchedulerBackend: Connected to Spark cluster with app ID app-20251102113320-0008
[2025-11-02T11:33:20.818+0000] {subprocess.py:93} INFO - 25/11/02 11:33:20 INFO StandaloneAppClient$ClientEndpoint: Executor added: app-20251102113320-0008/0 on worker-20251102102542-172.18.0.5-39375 (172.18.0.5:39375) with 2 core(s)
[2025-11-02T11:33:20.820+0000] {subprocess.py:93} INFO - 25/11/02 11:33:20 INFO StandaloneSchedulerBackend: Granted executor ID app-20251102113320-0008/0 on hostPort 172.18.0.5:39375 with 2 core(s), 1024.0 MiB RAM
[2025-11-02T11:33:20.823+0000] {subprocess.py:93} INFO - 25/11/02 11:33:20 INFO Utils: Successfully started service 'org.apache.spark.network.netty.NettyBlockTransferService' on port 40585.
[2025-11-02T11:33:20.825+0000] {subprocess.py:93} INFO - 25/11/02 11:33:20 INFO NettyBlockTransferService: Server created on 4bd4a2df5838:40585
[2025-11-02T11:33:20.828+0000] {subprocess.py:93} INFO - 25/11/02 11:33:20 INFO BlockManager: Using org.apache.spark.storage.RandomBlockReplicationPolicy for block replication policy
[2025-11-02T11:33:20.832+0000] {subprocess.py:93} INFO - 25/11/02 11:33:20 INFO BlockManagerMaster: Registering BlockManager BlockManagerId(driver, 4bd4a2df5838, 40585, None)
[2025-11-02T11:33:20.839+0000] {subprocess.py:93} INFO - 25/11/02 11:33:20 INFO BlockManagerMasterEndpoint: Registering block manager 4bd4a2df5838:40585 with 434.4 MiB RAM, BlockManagerId(driver, 4bd4a2df5838, 40585, None)
[2025-11-02T11:33:20.841+0000] {subprocess.py:93} INFO - 25/11/02 11:33:20 INFO BlockManagerMaster: Registered BlockManager BlockManagerId(driver, 4bd4a2df5838, 40585, None)
[2025-11-02T11:33:20.843+0000] {subprocess.py:93} INFO - 25/11/02 11:33:20 INFO BlockManager: Initialized BlockManager: BlockManagerId(driver, 4bd4a2df5838, 40585, None)
[2025-11-02T11:33:20.875+0000] {subprocess.py:93} INFO - 25/11/02 11:33:20 INFO StandaloneAppClient$ClientEndpoint: Executor updated: app-20251102113320-0008/0 is now RUNNING
[2025-11-02T11:33:21.057+0000] {subprocess.py:93} INFO - 25/11/02 11:33:21 INFO StandaloneSchedulerBackend: SchedulerBackend is ready for scheduling beginning after reached minRegisteredResourcesRatio: 0.0
[2025-11-02T11:33:21.245+0000] {subprocess.py:93} INFO - Traceback (most recent call last):
[2025-11-02T11:33:21.247+0000] {subprocess.py:93} INFO -   File "/opt/spark-3.4.0-bin-hadoop3/work-dir/scripts/gold_modeling/Dimensions/Dimensions.py", line 27, in <module>
[2025-11-02T11:33:21.252+0000] {subprocess.py:93} INFO -     Customer_dim(spark)
[2025-11-02T11:33:21.254+0000] {subprocess.py:93} INFO -   File "/opt/spark/work-dir/scripts/gold_modeling/Dimensions/dim_customer.py", line 36, in main
[2025-11-02T11:33:21.258+0000] {subprocess.py:93} INFO -     create_dim_customer(spark)
[2025-11-02T11:33:21.260+0000] {subprocess.py:93} INFO -   File "/opt/spark/work-dir/scripts/gold_modeling/Dimensions/dim_customer.py", line 3, in create_dim_customer
[2025-11-02T11:33:21.265+0000] {subprocess.py:93} INFO -     logger.info("Creating dim_customer table")
[2025-11-02T11:33:21.267+0000] {subprocess.py:93} INFO -     ^^^^^^
[2025-11-02T11:33:21.268+0000] {subprocess.py:93} INFO - NameError: name 'logger' is not defined
[2025-11-02T11:33:21.270+0000] {subprocess.py:93} INFO - INFO:py4j.clientserver:Closing down clientserver connection
[2025-11-02T11:33:21.321+0000] {subprocess.py:93} INFO - 25/11/02 11:33:21 INFO SparkContext: Invoking stop() from shutdown hook
[2025-11-02T11:33:21.323+0000] {subprocess.py:93} INFO - 25/11/02 11:33:21 INFO SparkContext: SparkContext is stopping with exitCode 0.
[2025-11-02T11:33:21.336+0000] {subprocess.py:93} INFO - 25/11/02 11:33:21 INFO SparkUI: Stopped Spark web UI at http://4bd4a2df5838:4040
[2025-11-02T11:33:21.342+0000] {subprocess.py:93} INFO - 25/11/02 11:33:21 INFO StandaloneSchedulerBackend: Shutting down all executors
[2025-11-02T11:33:21.350+0000] {subprocess.py:93} INFO - 25/11/02 11:33:21 INFO StandaloneSchedulerBackend$StandaloneDriverEndpoint: Asking each executor to shut down
[2025-11-02T11:33:21.369+0000] {subprocess.py:93} INFO - 25/11/02 11:33:21 INFO MapOutputTrackerMasterEndpoint: MapOutputTrackerMasterEndpoint stopped!
[2025-11-02T11:33:21.382+0000] {subprocess.py:93} INFO - 25/11/02 11:33:21 INFO MemoryStore: MemoryStore cleared
[2025-11-02T11:33:21.387+0000] {subprocess.py:93} INFO - 25/11/02 11:33:21 INFO BlockManager: BlockManager stopped
[2025-11-02T11:33:21.391+0000] {subprocess.py:93} INFO - 25/11/02 11:33:21 INFO BlockManagerMaster: BlockManagerMaster stopped
[2025-11-02T11:33:21.393+0000] {subprocess.py:93} INFO - 25/11/02 11:33:21 INFO OutputCommitCoordinator$OutputCommitCoordinatorEndpoint: OutputCommitCoordinator stopped!
[2025-11-02T11:33:21.433+0000] {subprocess.py:93} INFO - 25/11/02 11:33:21 INFO SparkContext: Successfully stopped SparkContext
[2025-11-02T11:33:21.435+0000] {subprocess.py:93} INFO - 25/11/02 11:33:21 INFO ShutdownHookManager: Shutdown hook called
[2025-11-02T11:33:21.437+0000] {subprocess.py:93} INFO - 25/11/02 11:33:21 INFO ShutdownHookManager: Deleting directory /tmp/spark-cd63e54a-c220-4ff9-9b1b-9ab7b874b668/pyspark-47046620-835d-4720-b065-ee2f5ea5b969
[2025-11-02T11:33:21.438+0000] {subprocess.py:93} INFO - 25/11/02 11:33:21 INFO ShutdownHookManager: Deleting directory /tmp/spark-b3e19c77-a973-438c-9516-f08dd62c8168
[2025-11-02T11:33:21.442+0000] {subprocess.py:93} INFO - 25/11/02 11:33:21 INFO ShutdownHookManager: Deleting directory /tmp/spark-cd63e54a-c220-4ff9-9b1b-9ab7b874b668
[2025-11-02T11:33:21.466+0000] {subprocess.py:97} INFO - Command exited with return code 1
[2025-11-02T11:33:21.481+0000] {taskinstance.py:3310} ERROR - Task failed with exception
Traceback (most recent call last):
  File "/home/airflow/.local/lib/python3.11/site-packages/airflow/models/taskinstance.py", line 767, in _execute_task
    result = _execute_callable(context=context, **execute_callable_kwargs)
             ^^^^^^^^^^^^^^^^^^^^^^^^^^^^^^^^^^^^^^^^^^^^^^^^^^^^^^^^^^^^^
  File "/home/airflow/.local/lib/python3.11/site-packages/airflow/models/taskinstance.py", line 733, in _execute_callable
    return ExecutionCallableRunner(
           ^^^^^^^^^^^^^^^^^^^^^^^^
  File "/home/airflow/.local/lib/python3.11/site-packages/airflow/utils/operator_helpers.py", line 252, in run
    return self.func(*args, **kwargs)
           ^^^^^^^^^^^^^^^^^^^^^^^^^^
  File "/home/airflow/.local/lib/python3.11/site-packages/airflow/models/baseoperator.py", line 406, in wrapper
    return func(self, *args, **kwargs)
           ^^^^^^^^^^^^^^^^^^^^^^^^^^^
  File "/home/airflow/.local/lib/python3.11/site-packages/airflow/operators/bash.py", line 249, in execute
    raise AirflowException(
airflow.exceptions.AirflowException: Bash command failed. The command returned a non-zero exit code 1.
[2025-11-02T11:33:21.487+0000] {taskinstance.py:1225} INFO - Marking task as FAILED. dag_id=modeling, task_id=gold_modeling_dimensions, run_id=manual__2025-11-02T11:33:15+00:00, execution_date=20251102T113315, start_date=20251102T113316, end_date=20251102T113321
[2025-11-02T11:33:21.501+0000] {taskinstance.py:340} INFO - ::group::Post task execution logs
[2025-11-02T11:33:21.503+0000] {standard_task_runner.py:124} ERROR - Failed to execute job 31 for task gold_modeling_dimensions (Bash command failed. The command returned a non-zero exit code 1.; 189)
Traceback (most recent call last):
  File "/home/airflow/.local/lib/python3.11/site-packages/airflow/task/task_runner/standard_task_runner.py", line 117, in _start_by_fork
    ret = args.func(args, dag=self.dag)
          ^^^^^^^^^^^^^^^^^^^^^^^^^^^^^
  File "/home/airflow/.local/lib/python3.11/site-packages/airflow/cli/cli_config.py", line 49, in command
    return func(*args, **kwargs)
           ^^^^^^^^^^^^^^^^^^^^^
  File "/home/airflow/.local/lib/python3.11/site-packages/airflow/utils/cli.py", line 115, in wrapper
    return f(*args, **kwargs)
           ^^^^^^^^^^^^^^^^^^
  File "/home/airflow/.local/lib/python3.11/site-packages/airflow/cli/commands/task_command.py", line 483, in task_run
    task_return_code = _run_task_by_selected_method(args, _dag, ti)
                       ^^^^^^^^^^^^^^^^^^^^^^^^^^^^^^^^^^^^^^^^^^^^
  File "/home/airflow/.local/lib/python3.11/site-packages/airflow/cli/commands/task_command.py", line 256, in _run_task_by_selected_method
    return _run_raw_task(args, ti)
           ^^^^^^^^^^^^^^^^^^^^^^^
  File "/home/airflow/.local/lib/python3.11/site-packages/airflow/cli/commands/task_command.py", line 341, in _run_raw_task
    return ti._run_raw_task(
           ^^^^^^^^^^^^^^^^^
  File "/home/airflow/.local/lib/python3.11/site-packages/airflow/utils/session.py", line 97, in wrapper
    return func(*args, session=session, **kwargs)
           ^^^^^^^^^^^^^^^^^^^^^^^^^^^^^^^^^^^^^^
  File "/home/airflow/.local/lib/python3.11/site-packages/airflow/models/taskinstance.py", line 3004, in _run_raw_task
    return _run_raw_task(
           ^^^^^^^^^^^^^^
  File "/home/airflow/.local/lib/python3.11/site-packages/airflow/models/taskinstance.py", line 273, in _run_raw_task
    TaskInstance._execute_task_with_callbacks(
  File "/home/airflow/.local/lib/python3.11/site-packages/airflow/models/taskinstance.py", line 3158, in _execute_task_with_callbacks
    result = self._execute_task(context, task_orig)
             ^^^^^^^^^^^^^^^^^^^^^^^^^^^^^^^^^^^^^^
  File "/home/airflow/.local/lib/python3.11/site-packages/airflow/models/taskinstance.py", line 3182, in _execute_task
    return _execute_task(self, context, task_orig)
           ^^^^^^^^^^^^^^^^^^^^^^^^^^^^^^^^^^^^^^^
  File "/home/airflow/.local/lib/python3.11/site-packages/airflow/models/taskinstance.py", line 767, in _execute_task
    result = _execute_callable(context=context, **execute_callable_kwargs)
             ^^^^^^^^^^^^^^^^^^^^^^^^^^^^^^^^^^^^^^^^^^^^^^^^^^^^^^^^^^^^^
  File "/home/airflow/.local/lib/python3.11/site-packages/airflow/models/taskinstance.py", line 733, in _execute_callable
    return ExecutionCallableRunner(
           ^^^^^^^^^^^^^^^^^^^^^^^^
  File "/home/airflow/.local/lib/python3.11/site-packages/airflow/utils/operator_helpers.py", line 252, in run
    return self.func(*args, **kwargs)
           ^^^^^^^^^^^^^^^^^^^^^^^^^^
  File "/home/airflow/.local/lib/python3.11/site-packages/airflow/models/baseoperator.py", line 406, in wrapper
    return func(self, *args, **kwargs)
           ^^^^^^^^^^^^^^^^^^^^^^^^^^^
  File "/home/airflow/.local/lib/python3.11/site-packages/airflow/operators/bash.py", line 249, in execute
    raise AirflowException(
airflow.exceptions.AirflowException: Bash command failed. The command returned a non-zero exit code 1.
[2025-11-02T11:33:21.530+0000] {local_task_job_runner.py:266} INFO - Task exited with return code 1
[2025-11-02T11:33:21.549+0000] {taskinstance.py:3900} INFO - 0 downstream tasks scheduled from follow-on schedule check
[2025-11-02T11:33:21.556+0000] {local_task_job_runner.py:245} INFO - ::endgroup::
