[2025-11-02T11:20:13.506+0000] {local_task_job_runner.py:123} INFO - ::group::Pre task execution logs
[2025-11-02T11:20:13.525+0000] {taskinstance.py:2612} INFO - Dependencies all met for dep_context=non-requeueable deps ti=<TaskInstance: modeling.gold_modeling_dimensions manual__2025-11-02T11:20:12.906933+00:00 [queued]>
[2025-11-02T11:20:13.533+0000] {taskinstance.py:2612} INFO - Dependencies all met for dep_context=requeueable deps ti=<TaskInstance: modeling.gold_modeling_dimensions manual__2025-11-02T11:20:12.906933+00:00 [queued]>
[2025-11-02T11:20:13.536+0000] {taskinstance.py:2865} INFO - Starting attempt 1 of 1
[2025-11-02T11:20:13.548+0000] {taskinstance.py:2888} INFO - Executing <Task(BashOperator): gold_modeling_dimensions> on 2025-11-02 11:20:12.906933+00:00
[2025-11-02T11:20:13.552+0000] {standard_task_runner.py:72} INFO - Started process 3031 to run task
[2025-11-02T11:20:13.555+0000] {standard_task_runner.py:104} INFO - Running: ['***', 'tasks', 'run', 'modeling', 'gold_modeling_dimensions', 'manual__2025-11-02T11:20:12.906933+00:00', '--job-id', '23', '--raw', '--subdir', 'DAGS_FOLDER/modeling.py', '--cfg-path', '/tmp/tmpdeokrj6k']
[2025-11-02T11:20:13.559+0000] {standard_task_runner.py:105} INFO - Job 23: Subtask gold_modeling_dimensions
[2025-11-02T11:20:13.607+0000] {task_command.py:467} INFO - Running <TaskInstance: modeling.gold_modeling_dimensions manual__2025-11-02T11:20:12.906933+00:00 [running]> on host 4bd4a2df5838
[2025-11-02T11:20:13.680+0000] {taskinstance.py:3131} INFO - Exporting env vars: AIRFLOW_CTX_DAG_OWNER='***' AIRFLOW_CTX_DAG_ID='modeling' AIRFLOW_CTX_TASK_ID='gold_modeling_dimensions' AIRFLOW_CTX_EXECUTION_DATE='2025-11-02T11:20:12.906933+00:00' AIRFLOW_CTX_TRY_NUMBER='1' AIRFLOW_CTX_DAG_RUN_ID='manual__2025-11-02T11:20:12.906933+00:00'
[2025-11-02T11:20:13.681+0000] {taskinstance.py:731} INFO - ::endgroup::
[2025-11-02T11:20:13.697+0000] {subprocess.py:63} INFO - Tmp dir root location: /tmp
[2025-11-02T11:20:13.699+0000] {subprocess.py:75} INFO - Running command: ['/usr/bin/bash', '-c', 'spark-submit --master spark://spark-master:7077 --packages org.apache.iceberg:iceberg-spark-runtime-3.4_2.12:1.5.0,org.apache.hadoop:hadoop-aws:3.3.4,com.amazonaws:aws-java-sdk-bundle:1.12.262 --conf spark.hadoop.fs.s3a.endpoint=https://repulsive-spooky-cemetery-9rw4pvr4w66f4g6-4566.app.github.dev --conf spark.hadoop.fs.s3a.access.key=test --conf spark.hadoop.fs.s3a.secret.key=test --conf spark.hadoop.fs.s3a.path.style.access=true --conf spark.hadoop.fs.s3a.impl=org.apache.hadoop.fs.s3a.S3AFileSystem --conf spark.hadoop.fs.s3a.connection.ssl.enabled=true /opt/spark/work-dir/scripts/gold_modeling/Dimensions/Dimensions.py']
[2025-11-02T11:20:13.708+0000] {subprocess.py:86} INFO - Output:
[2025-11-02T11:20:14.929+0000] {subprocess.py:93} INFO - :: loading settings :: url = jar:file:/opt/spark-3.4.0-bin-hadoop3/jars/ivy-2.5.1.jar!/org/apache/ivy/core/settings/ivysettings.xml
[2025-11-02T11:20:15.016+0000] {subprocess.py:93} INFO - Ivy Default Cache set to: /home/***/.ivy2/cache
[2025-11-02T11:20:15.018+0000] {subprocess.py:93} INFO - The jars for the packages stored in: /home/***/.ivy2/jars
[2025-11-02T11:20:15.019+0000] {subprocess.py:93} INFO - org.apache.iceberg#iceberg-spark-runtime-3.4_2.12 added as a dependency
[2025-11-02T11:20:15.021+0000] {subprocess.py:93} INFO - org.apache.hadoop#hadoop-aws added as a dependency
[2025-11-02T11:20:15.022+0000] {subprocess.py:93} INFO - com.amazonaws#aws-java-sdk-bundle added as a dependency
[2025-11-02T11:20:15.023+0000] {subprocess.py:93} INFO - :: resolving dependencies :: org.apache.spark#spark-submit-parent-30bd2a18-03b9-4da9-8dfb-1ca2827d6120;1.0
[2025-11-02T11:20:15.025+0000] {subprocess.py:93} INFO - 	confs: [default]
[2025-11-02T11:20:15.117+0000] {subprocess.py:93} INFO - 	found org.apache.iceberg#iceberg-spark-runtime-3.4_2.12;1.5.0 in central
[2025-11-02T11:20:15.176+0000] {subprocess.py:93} INFO - 	found org.apache.hadoop#hadoop-aws;3.3.4 in central
[2025-11-02T11:20:15.201+0000] {subprocess.py:93} INFO - 	found com.amazonaws#aws-java-sdk-bundle;1.12.262 in central
[2025-11-02T11:20:15.225+0000] {subprocess.py:93} INFO - 	found org.wildfly.openssl#wildfly-openssl;1.0.7.Final in central
[2025-11-02T11:20:15.245+0000] {subprocess.py:93} INFO - :: resolution report :: resolve 217ms :: artifacts dl 6ms
[2025-11-02T11:20:15.246+0000] {subprocess.py:93} INFO - 	:: modules in use:
[2025-11-02T11:20:15.247+0000] {subprocess.py:93} INFO - 	com.amazonaws#aws-java-sdk-bundle;1.12.262 from central in [default]
[2025-11-02T11:20:15.249+0000] {subprocess.py:93} INFO - 	org.apache.hadoop#hadoop-aws;3.3.4 from central in [default]
[2025-11-02T11:20:15.250+0000] {subprocess.py:93} INFO - 	org.apache.iceberg#iceberg-spark-runtime-3.4_2.12;1.5.0 from central in [default]
[2025-11-02T11:20:15.251+0000] {subprocess.py:93} INFO - 	org.wildfly.openssl#wildfly-openssl;1.0.7.Final from central in [default]
[2025-11-02T11:20:15.252+0000] {subprocess.py:93} INFO - 	---------------------------------------------------------------------
[2025-11-02T11:20:15.253+0000] {subprocess.py:93} INFO - 	|                  |            modules            ||   artifacts   |
[2025-11-02T11:20:15.254+0000] {subprocess.py:93} INFO - 	|       conf       | number| search|dwnlded|evicted|| number|dwnlded|
[2025-11-02T11:20:15.256+0000] {subprocess.py:93} INFO - 	---------------------------------------------------------------------
[2025-11-02T11:20:15.257+0000] {subprocess.py:93} INFO - 	|      default     |   4   |   0   |   0   |   0   ||   4   |   0   |
[2025-11-02T11:20:15.258+0000] {subprocess.py:93} INFO - 	---------------------------------------------------------------------
[2025-11-02T11:20:15.260+0000] {subprocess.py:93} INFO - :: retrieving :: org.apache.spark#spark-submit-parent-30bd2a18-03b9-4da9-8dfb-1ca2827d6120
[2025-11-02T11:20:15.261+0000] {subprocess.py:93} INFO - 	confs: [default]
[2025-11-02T11:20:15.262+0000] {subprocess.py:93} INFO - 	0 artifacts copied, 4 already retrieved (0kB/4ms)
[2025-11-02T11:20:15.407+0000] {subprocess.py:93} INFO - 25/11/02 11:20:15 WARN NativeCodeLoader: Unable to load native-hadoop library for your platform... using builtin-java classes where applicable
[2025-11-02T11:20:16.880+0000] {subprocess.py:93} INFO - Traceback (most recent call last):
[2025-11-02T11:20:16.882+0000] {subprocess.py:93} INFO -   File "/opt/spark-3.4.0-bin-hadoop3/work-dir/scripts/gold_modeling/Dimensions/Dimensions.py", line 16, in <module>
[2025-11-02T11:20:16.885+0000] {subprocess.py:93} INFO -     from Dimensions.dim_customer import main as Customer_dim
[2025-11-02T11:20:16.887+0000] {subprocess.py:93} INFO -   File "/opt/spark-3.4.0-bin-hadoop3/work-dir/scripts/gold_modeling/Dimensions/Dimensions.py", line 16, in <module>
[2025-11-02T11:20:16.890+0000] {subprocess.py:93} INFO -     from Dimensions.dim_customer import main as Customer_dim
[2025-11-02T11:20:16.891+0000] {subprocess.py:93} INFO - ModuleNotFoundError: No module named 'Dimensions.dim_customer'; 'Dimensions' is not a package
[2025-11-02T11:20:16.928+0000] {subprocess.py:93} INFO - 25/11/02 11:20:16 INFO ShutdownHookManager: Shutdown hook called
[2025-11-02T11:20:16.929+0000] {subprocess.py:93} INFO - 25/11/02 11:20:16 INFO ShutdownHookManager: Deleting directory /tmp/spark-22a7e8be-446f-41b7-a1f2-a8976024bc34
[2025-11-02T11:20:16.963+0000] {subprocess.py:97} INFO - Command exited with return code 1
[2025-11-02T11:20:16.973+0000] {taskinstance.py:3310} ERROR - Task failed with exception
Traceback (most recent call last):
  File "/home/airflow/.local/lib/python3.11/site-packages/airflow/models/taskinstance.py", line 767, in _execute_task
    result = _execute_callable(context=context, **execute_callable_kwargs)
             ^^^^^^^^^^^^^^^^^^^^^^^^^^^^^^^^^^^^^^^^^^^^^^^^^^^^^^^^^^^^^
  File "/home/airflow/.local/lib/python3.11/site-packages/airflow/models/taskinstance.py", line 733, in _execute_callable
    return ExecutionCallableRunner(
           ^^^^^^^^^^^^^^^^^^^^^^^^
  File "/home/airflow/.local/lib/python3.11/site-packages/airflow/utils/operator_helpers.py", line 252, in run
    return self.func(*args, **kwargs)
           ^^^^^^^^^^^^^^^^^^^^^^^^^^
  File "/home/airflow/.local/lib/python3.11/site-packages/airflow/models/baseoperator.py", line 406, in wrapper
    return func(self, *args, **kwargs)
           ^^^^^^^^^^^^^^^^^^^^^^^^^^^
  File "/home/airflow/.local/lib/python3.11/site-packages/airflow/operators/bash.py", line 249, in execute
    raise AirflowException(
airflow.exceptions.AirflowException: Bash command failed. The command returned a non-zero exit code 1.
[2025-11-02T11:20:16.982+0000] {taskinstance.py:1225} INFO - Marking task as FAILED. dag_id=modeling, task_id=gold_modeling_dimensions, run_id=manual__2025-11-02T11:20:12.906933+00:00, execution_date=20251102T112012, start_date=20251102T112013, end_date=20251102T112016
[2025-11-02T11:20:16.995+0000] {taskinstance.py:340} INFO - ::group::Post task execution logs
[2025-11-02T11:20:16.997+0000] {standard_task_runner.py:124} ERROR - Failed to execute job 23 for task gold_modeling_dimensions (Bash command failed. The command returned a non-zero exit code 1.; 3031)
Traceback (most recent call last):
  File "/home/airflow/.local/lib/python3.11/site-packages/airflow/task/task_runner/standard_task_runner.py", line 117, in _start_by_fork
    ret = args.func(args, dag=self.dag)
          ^^^^^^^^^^^^^^^^^^^^^^^^^^^^^
  File "/home/airflow/.local/lib/python3.11/site-packages/airflow/cli/cli_config.py", line 49, in command
    return func(*args, **kwargs)
           ^^^^^^^^^^^^^^^^^^^^^
  File "/home/airflow/.local/lib/python3.11/site-packages/airflow/utils/cli.py", line 115, in wrapper
    return f(*args, **kwargs)
           ^^^^^^^^^^^^^^^^^^
  File "/home/airflow/.local/lib/python3.11/site-packages/airflow/cli/commands/task_command.py", line 483, in task_run
    task_return_code = _run_task_by_selected_method(args, _dag, ti)
                       ^^^^^^^^^^^^^^^^^^^^^^^^^^^^^^^^^^^^^^^^^^^^
  File "/home/airflow/.local/lib/python3.11/site-packages/airflow/cli/commands/task_command.py", line 256, in _run_task_by_selected_method
    return _run_raw_task(args, ti)
           ^^^^^^^^^^^^^^^^^^^^^^^
  File "/home/airflow/.local/lib/python3.11/site-packages/airflow/cli/commands/task_command.py", line 341, in _run_raw_task
    return ti._run_raw_task(
           ^^^^^^^^^^^^^^^^^
  File "/home/airflow/.local/lib/python3.11/site-packages/airflow/utils/session.py", line 97, in wrapper
    return func(*args, session=session, **kwargs)
           ^^^^^^^^^^^^^^^^^^^^^^^^^^^^^^^^^^^^^^
  File "/home/airflow/.local/lib/python3.11/site-packages/airflow/models/taskinstance.py", line 3004, in _run_raw_task
    return _run_raw_task(
           ^^^^^^^^^^^^^^
  File "/home/airflow/.local/lib/python3.11/site-packages/airflow/models/taskinstance.py", line 273, in _run_raw_task
    TaskInstance._execute_task_with_callbacks(
  File "/home/airflow/.local/lib/python3.11/site-packages/airflow/models/taskinstance.py", line 3158, in _execute_task_with_callbacks
    result = self._execute_task(context, task_orig)
             ^^^^^^^^^^^^^^^^^^^^^^^^^^^^^^^^^^^^^^
  File "/home/airflow/.local/lib/python3.11/site-packages/airflow/models/taskinstance.py", line 3182, in _execute_task
    return _execute_task(self, context, task_orig)
           ^^^^^^^^^^^^^^^^^^^^^^^^^^^^^^^^^^^^^^^
  File "/home/airflow/.local/lib/python3.11/site-packages/airflow/models/taskinstance.py", line 767, in _execute_task
    result = _execute_callable(context=context, **execute_callable_kwargs)
             ^^^^^^^^^^^^^^^^^^^^^^^^^^^^^^^^^^^^^^^^^^^^^^^^^^^^^^^^^^^^^
  File "/home/airflow/.local/lib/python3.11/site-packages/airflow/models/taskinstance.py", line 733, in _execute_callable
    return ExecutionCallableRunner(
           ^^^^^^^^^^^^^^^^^^^^^^^^
  File "/home/airflow/.local/lib/python3.11/site-packages/airflow/utils/operator_helpers.py", line 252, in run
    return self.func(*args, **kwargs)
           ^^^^^^^^^^^^^^^^^^^^^^^^^^
  File "/home/airflow/.local/lib/python3.11/site-packages/airflow/models/baseoperator.py", line 406, in wrapper
    return func(self, *args, **kwargs)
           ^^^^^^^^^^^^^^^^^^^^^^^^^^^
  File "/home/airflow/.local/lib/python3.11/site-packages/airflow/operators/bash.py", line 249, in execute
    raise AirflowException(
airflow.exceptions.AirflowException: Bash command failed. The command returned a non-zero exit code 1.
[2025-11-02T11:20:17.031+0000] {local_task_job_runner.py:266} INFO - Task exited with return code 1
[2025-11-02T11:20:17.049+0000] {taskinstance.py:3900} INFO - 0 downstream tasks scheduled from follow-on schedule check
[2025-11-02T11:20:17.055+0000] {local_task_job_runner.py:245} INFO - ::endgroup::
