[2025-11-02T11:27:54.070+0000] {local_task_job_runner.py:123} INFO - ::group::Pre task execution logs
[2025-11-02T11:27:54.088+0000] {taskinstance.py:2612} INFO - Dependencies all met for dep_context=non-requeueable deps ti=<TaskInstance: modeling.gold_modeling_dimensions manual__2025-11-02T11:27:53+00:00 [queued]>
[2025-11-02T11:27:54.096+0000] {taskinstance.py:2612} INFO - Dependencies all met for dep_context=requeueable deps ti=<TaskInstance: modeling.gold_modeling_dimensions manual__2025-11-02T11:27:53+00:00 [queued]>
[2025-11-02T11:27:54.100+0000] {taskinstance.py:2865} INFO - Starting attempt 1 of 1
[2025-11-02T11:27:54.114+0000] {taskinstance.py:2888} INFO - Executing <Task(BashOperator): gold_modeling_dimensions> on 2025-11-02 11:27:53+00:00
[2025-11-02T11:27:54.120+0000] {standard_task_runner.py:72} INFO - Started process 183 to run task
[2025-11-02T11:27:54.123+0000] {standard_task_runner.py:104} INFO - Running: ['***', 'tasks', 'run', 'modeling', 'gold_modeling_dimensions', 'manual__2025-11-02T11:27:53+00:00', '--job-id', '29', '--raw', '--subdir', 'DAGS_FOLDER/modeling.py', '--cfg-path', '/tmp/tmp7uvuceia']
[2025-11-02T11:27:54.127+0000] {standard_task_runner.py:105} INFO - Job 29: Subtask gold_modeling_dimensions
[2025-11-02T11:27:54.181+0000] {task_command.py:467} INFO - Running <TaskInstance: modeling.gold_modeling_dimensions manual__2025-11-02T11:27:53+00:00 [running]> on host 4bd4a2df5838
[2025-11-02T11:27:54.256+0000] {taskinstance.py:3131} INFO - Exporting env vars: AIRFLOW_CTX_DAG_OWNER='***' AIRFLOW_CTX_DAG_ID='modeling' AIRFLOW_CTX_TASK_ID='gold_modeling_dimensions' AIRFLOW_CTX_EXECUTION_DATE='2025-11-02T11:27:53+00:00' AIRFLOW_CTX_TRY_NUMBER='1' AIRFLOW_CTX_DAG_RUN_ID='manual__2025-11-02T11:27:53+00:00'
[2025-11-02T11:27:54.259+0000] {taskinstance.py:731} INFO - ::endgroup::
[2025-11-02T11:27:54.270+0000] {subprocess.py:63} INFO - Tmp dir root location: /tmp
[2025-11-02T11:27:54.273+0000] {subprocess.py:75} INFO - Running command: ['/usr/bin/bash', '-c', 'spark-submit --master spark://spark-master:7077 --packages org.apache.iceberg:iceberg-spark-runtime-3.4_2.12:1.5.0,org.apache.hadoop:hadoop-aws:3.3.4,com.amazonaws:aws-java-sdk-bundle:1.12.262 --conf spark.hadoop.fs.s3a.endpoint=https://repulsive-spooky-cemetery-9rw4pvr4w66f4g6-4566.app.github.dev --conf spark.hadoop.fs.s3a.access.key=test --conf spark.hadoop.fs.s3a.secret.key=test --conf spark.hadoop.fs.s3a.path.style.access=true --conf spark.hadoop.fs.s3a.impl=org.apache.hadoop.fs.s3a.S3AFileSystem --conf spark.hadoop.fs.s3a.connection.ssl.enabled=true /opt/spark/work-dir/scripts/gold_modeling/Dimensions/Dimensions.py']
[2025-11-02T11:27:54.284+0000] {subprocess.py:86} INFO - Output:
[2025-11-02T11:27:55.404+0000] {subprocess.py:93} INFO - :: loading settings :: url = jar:file:/opt/spark-3.4.0-bin-hadoop3/jars/ivy-2.5.1.jar!/org/apache/ivy/core/settings/ivysettings.xml
[2025-11-02T11:27:55.502+0000] {subprocess.py:93} INFO - Ivy Default Cache set to: /home/***/.ivy2/cache
[2025-11-02T11:27:55.503+0000] {subprocess.py:93} INFO - The jars for the packages stored in: /home/***/.ivy2/jars
[2025-11-02T11:27:55.508+0000] {subprocess.py:93} INFO - org.apache.iceberg#iceberg-spark-runtime-3.4_2.12 added as a dependency
[2025-11-02T11:27:55.510+0000] {subprocess.py:93} INFO - org.apache.hadoop#hadoop-aws added as a dependency
[2025-11-02T11:27:55.512+0000] {subprocess.py:93} INFO - com.amazonaws#aws-java-sdk-bundle added as a dependency
[2025-11-02T11:27:55.514+0000] {subprocess.py:93} INFO - :: resolving dependencies :: org.apache.spark#spark-submit-parent-64cc2245-935a-4d70-b00c-80e8a93d9db9;1.0
[2025-11-02T11:27:55.516+0000] {subprocess.py:93} INFO - 	confs: [default]
[2025-11-02T11:27:55.623+0000] {subprocess.py:93} INFO - 	found org.apache.iceberg#iceberg-spark-runtime-3.4_2.12;1.5.0 in central
[2025-11-02T11:27:55.692+0000] {subprocess.py:93} INFO - 	found org.apache.hadoop#hadoop-aws;3.3.4 in central
[2025-11-02T11:27:55.726+0000] {subprocess.py:93} INFO - 	found com.amazonaws#aws-java-sdk-bundle;1.12.262 in central
[2025-11-02T11:27:55.768+0000] {subprocess.py:93} INFO - 	found org.wildfly.openssl#wildfly-openssl;1.0.7.Final in central
[2025-11-02T11:27:55.814+0000] {subprocess.py:93} INFO - :: resolution report :: resolve 290ms :: artifacts dl 14ms
[2025-11-02T11:27:55.816+0000] {subprocess.py:93} INFO - 	:: modules in use:
[2025-11-02T11:27:55.819+0000] {subprocess.py:93} INFO - 	com.amazonaws#aws-java-sdk-bundle;1.12.262 from central in [default]
[2025-11-02T11:27:55.824+0000] {subprocess.py:93} INFO - 	org.apache.hadoop#hadoop-aws;3.3.4 from central in [default]
[2025-11-02T11:27:55.830+0000] {subprocess.py:93} INFO - 	org.apache.iceberg#iceberg-spark-runtime-3.4_2.12;1.5.0 from central in [default]
[2025-11-02T11:27:55.833+0000] {subprocess.py:93} INFO - 	org.wildfly.openssl#wildfly-openssl;1.0.7.Final from central in [default]
[2025-11-02T11:27:55.838+0000] {subprocess.py:93} INFO - 	---------------------------------------------------------------------
[2025-11-02T11:27:55.840+0000] {subprocess.py:93} INFO - 	|                  |            modules            ||   artifacts   |
[2025-11-02T11:27:55.842+0000] {subprocess.py:93} INFO - 	|       conf       | number| search|dwnlded|evicted|| number|dwnlded|
[2025-11-02T11:27:55.844+0000] {subprocess.py:93} INFO - 	---------------------------------------------------------------------
[2025-11-02T11:27:55.846+0000] {subprocess.py:93} INFO - 	|      default     |   4   |   0   |   0   |   0   ||   4   |   0   |
[2025-11-02T11:27:55.847+0000] {subprocess.py:93} INFO - 	---------------------------------------------------------------------
[2025-11-02T11:27:55.849+0000] {subprocess.py:93} INFO - :: retrieving :: org.apache.spark#spark-submit-parent-64cc2245-935a-4d70-b00c-80e8a93d9db9
[2025-11-02T11:27:55.852+0000] {subprocess.py:93} INFO - 	confs: [default]
[2025-11-02T11:27:55.854+0000] {subprocess.py:93} INFO - 	0 artifacts copied, 4 already retrieved (0kB/19ms)
[2025-11-02T11:27:56.027+0000] {subprocess.py:93} INFO - 25/11/02 11:27:56 WARN NativeCodeLoader: Unable to load native-hadoop library for your platform... using builtin-java classes where applicable
[2025-11-02T11:27:57.766+0000] {subprocess.py:93} INFO - 25/11/02 11:27:57 INFO SparkContext: Running Spark version 3.4.0
[2025-11-02T11:27:57.789+0000] {subprocess.py:93} INFO - 25/11/02 11:27:57 INFO ResourceUtils: ==============================================================
[2025-11-02T11:27:57.792+0000] {subprocess.py:93} INFO - 25/11/02 11:27:57 INFO ResourceUtils: No custom resources configured for spark.driver.
[2025-11-02T11:27:57.794+0000] {subprocess.py:93} INFO - 25/11/02 11:27:57 INFO ResourceUtils: ==============================================================
[2025-11-02T11:27:57.795+0000] {subprocess.py:93} INFO - 25/11/02 11:27:57 INFO SparkContext: Submitted application: Gold_Modeling_Dimensions
[2025-11-02T11:27:57.807+0000] {subprocess.py:93} INFO - 25/11/02 11:27:57 INFO ResourceProfile: Default ResourceProfile created, executor resources: Map(memory -> name: memory, amount: 1024, script: , vendor: , offHeap -> name: offHeap, amount: 0, script: , vendor: ), task resources: Map(cpus -> name: cpus, amount: 1.0)
[2025-11-02T11:27:57.812+0000] {subprocess.py:93} INFO - 25/11/02 11:27:57 INFO ResourceProfile: Limiting resource is cpu
[2025-11-02T11:27:57.814+0000] {subprocess.py:93} INFO - 25/11/02 11:27:57 INFO ResourceProfileManager: Added ResourceProfile id: 0
[2025-11-02T11:27:57.855+0000] {subprocess.py:93} INFO - 25/11/02 11:27:57 INFO SecurityManager: Changing view acls to: ***
[2025-11-02T11:27:57.857+0000] {subprocess.py:93} INFO - 25/11/02 11:27:57 INFO SecurityManager: Changing modify acls to: ***
[2025-11-02T11:27:57.859+0000] {subprocess.py:93} INFO - 25/11/02 11:27:57 INFO SecurityManager: Changing view acls groups to:
[2025-11-02T11:27:57.861+0000] {subprocess.py:93} INFO - 25/11/02 11:27:57 INFO SecurityManager: Changing modify acls groups to:
[2025-11-02T11:27:57.863+0000] {subprocess.py:93} INFO - 25/11/02 11:27:57 INFO SecurityManager: SecurityManager: authentication disabled; ui acls disabled; users with view permissions: ***; groups with view permissions: EMPTY; users with modify permissions: ***; groups with modify permissions: EMPTY
[2025-11-02T11:27:58.026+0000] {subprocess.py:93} INFO - 25/11/02 11:27:58 INFO Utils: Successfully started service 'sparkDriver' on port 40193.
[2025-11-02T11:27:58.061+0000] {subprocess.py:93} INFO - 25/11/02 11:27:58 INFO SparkEnv: Registering MapOutputTracker
[2025-11-02T11:27:58.096+0000] {subprocess.py:93} INFO - 25/11/02 11:27:58 INFO SparkEnv: Registering BlockManagerMaster
[2025-11-02T11:27:58.112+0000] {subprocess.py:93} INFO - 25/11/02 11:27:58 INFO BlockManagerMasterEndpoint: Using org.apache.spark.storage.DefaultTopologyMapper for getting topology information
[2025-11-02T11:27:58.116+0000] {subprocess.py:93} INFO - 25/11/02 11:27:58 INFO BlockManagerMasterEndpoint: BlockManagerMasterEndpoint up
[2025-11-02T11:27:58.118+0000] {subprocess.py:93} INFO - 25/11/02 11:27:58 INFO SparkEnv: Registering BlockManagerMasterHeartbeat
[2025-11-02T11:27:58.134+0000] {subprocess.py:93} INFO - 25/11/02 11:27:58 INFO DiskBlockManager: Created local directory at /tmp/blockmgr-0df037b1-bade-40c4-8801-b5651847afa8
[2025-11-02T11:27:58.150+0000] {subprocess.py:93} INFO - 25/11/02 11:27:58 INFO MemoryStore: MemoryStore started with capacity 434.4 MiB
[2025-11-02T11:27:58.164+0000] {subprocess.py:93} INFO - 25/11/02 11:27:58 INFO SparkEnv: Registering OutputCommitCoordinator
[2025-11-02T11:27:58.263+0000] {subprocess.py:93} INFO - 25/11/02 11:27:58 INFO JettyUtils: Start Jetty 0.0.0.0:4040 for SparkUI
[2025-11-02T11:27:58.319+0000] {subprocess.py:93} INFO - 25/11/02 11:27:58 INFO Utils: Successfully started service 'SparkUI' on port 4040.
[2025-11-02T11:27:58.352+0000] {subprocess.py:93} INFO - 25/11/02 11:27:58 INFO SparkContext: Added JAR file:///home/***/.ivy2/jars/org.apache.iceberg_iceberg-spark-runtime-3.4_2.12-1.5.0.jar at spark://4bd4a2df5838:40193/jars/org.apache.iceberg_iceberg-spark-runtime-3.4_2.12-1.5.0.jar with timestamp 1762082877759
[2025-11-02T11:27:58.354+0000] {subprocess.py:93} INFO - 25/11/02 11:27:58 INFO SparkContext: Added JAR file:///home/***/.ivy2/jars/org.apache.hadoop_hadoop-aws-3.3.4.jar at spark://4bd4a2df5838:40193/jars/org.apache.hadoop_hadoop-aws-3.3.4.jar with timestamp 1762082877759
[2025-11-02T11:27:58.357+0000] {subprocess.py:93} INFO - 25/11/02 11:27:58 INFO SparkContext: Added JAR file:///home/***/.ivy2/jars/com.amazonaws_aws-java-sdk-bundle-1.12.262.jar at spark://4bd4a2df5838:40193/jars/com.amazonaws_aws-java-sdk-bundle-1.12.262.jar with timestamp 1762082877759
[2025-11-02T11:27:58.358+0000] {subprocess.py:93} INFO - 25/11/02 11:27:58 INFO SparkContext: Added JAR file:///home/***/.ivy2/jars/org.wildfly.openssl_wildfly-openssl-1.0.7.Final.jar at spark://4bd4a2df5838:40193/jars/org.wildfly.openssl_wildfly-openssl-1.0.7.Final.jar with timestamp 1762082877759
[2025-11-02T11:27:58.360+0000] {subprocess.py:93} INFO - 25/11/02 11:27:58 INFO SparkContext: Added file file:///home/***/.ivy2/jars/org.apache.iceberg_iceberg-spark-runtime-3.4_2.12-1.5.0.jar at spark://4bd4a2df5838:40193/files/org.apache.iceberg_iceberg-spark-runtime-3.4_2.12-1.5.0.jar with timestamp 1762082877759
[2025-11-02T11:27:58.361+0000] {subprocess.py:93} INFO - 25/11/02 11:27:58 INFO Utils: Copying /home/***/.ivy2/jars/org.apache.iceberg_iceberg-spark-runtime-3.4_2.12-1.5.0.jar to /tmp/spark-e3114d45-28c2-454e-88a7-2cce9d460a87/userFiles-4f382af9-783b-4580-8ff4-86ec21ef5330/org.apache.iceberg_iceberg-spark-runtime-3.4_2.12-1.5.0.jar
[2025-11-02T11:27:58.398+0000] {subprocess.py:93} INFO - 25/11/02 11:27:58 INFO SparkContext: Added file file:///home/***/.ivy2/jars/org.apache.hadoop_hadoop-aws-3.3.4.jar at spark://4bd4a2df5838:40193/files/org.apache.hadoop_hadoop-aws-3.3.4.jar with timestamp 1762082877759
[2025-11-02T11:27:58.400+0000] {subprocess.py:93} INFO - 25/11/02 11:27:58 INFO Utils: Copying /home/***/.ivy2/jars/org.apache.hadoop_hadoop-aws-3.3.4.jar to /tmp/spark-e3114d45-28c2-454e-88a7-2cce9d460a87/userFiles-4f382af9-783b-4580-8ff4-86ec21ef5330/org.apache.hadoop_hadoop-aws-3.3.4.jar
[2025-11-02T11:27:58.404+0000] {subprocess.py:93} INFO - 25/11/02 11:27:58 INFO SparkContext: Added file file:///home/***/.ivy2/jars/com.amazonaws_aws-java-sdk-bundle-1.12.262.jar at spark://4bd4a2df5838:40193/files/com.amazonaws_aws-java-sdk-bundle-1.12.262.jar with timestamp 1762082877759
[2025-11-02T11:27:58.406+0000] {subprocess.py:93} INFO - 25/11/02 11:27:58 INFO Utils: Copying /home/***/.ivy2/jars/com.amazonaws_aws-java-sdk-bundle-1.12.262.jar to /tmp/spark-e3114d45-28c2-454e-88a7-2cce9d460a87/userFiles-4f382af9-783b-4580-8ff4-86ec21ef5330/com.amazonaws_aws-java-sdk-bundle-1.12.262.jar
[2025-11-02T11:27:58.657+0000] {subprocess.py:93} INFO - 25/11/02 11:27:58 INFO SparkContext: Added file file:///home/***/.ivy2/jars/org.wildfly.openssl_wildfly-openssl-1.0.7.Final.jar at spark://4bd4a2df5838:40193/files/org.wildfly.openssl_wildfly-openssl-1.0.7.Final.jar with timestamp 1762082877759
[2025-11-02T11:27:58.659+0000] {subprocess.py:93} INFO - 25/11/02 11:27:58 INFO Utils: Copying /home/***/.ivy2/jars/org.wildfly.openssl_wildfly-openssl-1.0.7.Final.jar to /tmp/spark-e3114d45-28c2-454e-88a7-2cce9d460a87/userFiles-4f382af9-783b-4580-8ff4-86ec21ef5330/org.wildfly.openssl_wildfly-openssl-1.0.7.Final.jar
[2025-11-02T11:27:58.730+0000] {subprocess.py:93} INFO - 25/11/02 11:27:58 INFO StandaloneAppClient$ClientEndpoint: Connecting to master spark://spark-master:7077...
[2025-11-02T11:27:58.770+0000] {subprocess.py:93} INFO - 25/11/02 11:27:58 INFO TransportClientFactory: Successfully created connection to spark-master/172.18.0.3:7077 after 22 ms (0 ms spent in bootstraps)
[2025-11-02T11:27:58.845+0000] {subprocess.py:93} INFO - 25/11/02 11:27:58 INFO StandaloneSchedulerBackend: Connected to Spark cluster with app ID app-20251102112758-0007
[2025-11-02T11:27:58.847+0000] {subprocess.py:93} INFO - 25/11/02 11:27:58 INFO StandaloneAppClient$ClientEndpoint: Executor added: app-20251102112758-0007/0 on worker-20251102102542-172.18.0.5-39375 (172.18.0.5:39375) with 2 core(s)
[2025-11-02T11:27:58.849+0000] {subprocess.py:93} INFO - 25/11/02 11:27:58 INFO StandaloneSchedulerBackend: Granted executor ID app-20251102112758-0007/0 on hostPort 172.18.0.5:39375 with 2 core(s), 1024.0 MiB RAM
[2025-11-02T11:27:58.852+0000] {subprocess.py:93} INFO - 25/11/02 11:27:58 INFO Utils: Successfully started service 'org.apache.spark.network.netty.NettyBlockTransferService' on port 34021.
[2025-11-02T11:27:58.854+0000] {subprocess.py:93} INFO - 25/11/02 11:27:58 INFO NettyBlockTransferService: Server created on 4bd4a2df5838:34021
[2025-11-02T11:27:58.856+0000] {subprocess.py:93} INFO - 25/11/02 11:27:58 INFO BlockManager: Using org.apache.spark.storage.RandomBlockReplicationPolicy for block replication policy
[2025-11-02T11:27:58.863+0000] {subprocess.py:93} INFO - 25/11/02 11:27:58 INFO BlockManagerMaster: Registering BlockManager BlockManagerId(driver, 4bd4a2df5838, 34021, None)
[2025-11-02T11:27:58.867+0000] {subprocess.py:93} INFO - 25/11/02 11:27:58 INFO BlockManagerMasterEndpoint: Registering block manager 4bd4a2df5838:34021 with 434.4 MiB RAM, BlockManagerId(driver, 4bd4a2df5838, 34021, None)
[2025-11-02T11:27:58.869+0000] {subprocess.py:93} INFO - 25/11/02 11:27:58 INFO BlockManagerMaster: Registered BlockManager BlockManagerId(driver, 4bd4a2df5838, 34021, None)
[2025-11-02T11:27:58.871+0000] {subprocess.py:93} INFO - 25/11/02 11:27:58 INFO BlockManager: Initialized BlockManager: BlockManagerId(driver, 4bd4a2df5838, 34021, None)
[2025-11-02T11:27:58.920+0000] {subprocess.py:93} INFO - 25/11/02 11:27:58 INFO StandaloneAppClient$ClientEndpoint: Executor updated: app-20251102112758-0007/0 is now RUNNING
[2025-11-02T11:27:59.055+0000] {subprocess.py:93} INFO - 25/11/02 11:27:59 INFO StandaloneSchedulerBackend: SchedulerBackend is ready for scheduling beginning after reached minRegisteredResourcesRatio: 0.0
[2025-11-02T11:27:59.241+0000] {subprocess.py:93} INFO - Traceback (most recent call last):
[2025-11-02T11:27:59.243+0000] {subprocess.py:93} INFO -   File "/opt/spark-3.4.0-bin-hadoop3/work-dir/scripts/gold_modeling/Dimensions/Dimensions.py", line 27, in <module>
[2025-11-02T11:27:59.253+0000] {subprocess.py:93} INFO -     Customer_dim(spark)
[2025-11-02T11:27:59.256+0000] {subprocess.py:93} INFO - TypeError: main() takes 0 positional arguments but 1 was given
[2025-11-02T11:27:59.258+0000] {subprocess.py:93} INFO - INFO:py4j.clientserver:Closing down clientserver connection
[2025-11-02T11:27:59.312+0000] {subprocess.py:93} INFO - 25/11/02 11:27:59 INFO SparkContext: Invoking stop() from shutdown hook
[2025-11-02T11:27:59.319+0000] {subprocess.py:93} INFO - 25/11/02 11:27:59 INFO SparkContext: SparkContext is stopping with exitCode 0.
[2025-11-02T11:27:59.329+0000] {subprocess.py:93} INFO - 25/11/02 11:27:59 INFO SparkUI: Stopped Spark web UI at http://4bd4a2df5838:4040
[2025-11-02T11:27:59.334+0000] {subprocess.py:93} INFO - 25/11/02 11:27:59 INFO StandaloneSchedulerBackend: Shutting down all executors
[2025-11-02T11:27:59.339+0000] {subprocess.py:93} INFO - 25/11/02 11:27:59 INFO StandaloneSchedulerBackend$StandaloneDriverEndpoint: Asking each executor to shut down
[2025-11-02T11:27:59.361+0000] {subprocess.py:93} INFO - 25/11/02 11:27:59 INFO MapOutputTrackerMasterEndpoint: MapOutputTrackerMasterEndpoint stopped!
[2025-11-02T11:27:59.374+0000] {subprocess.py:93} INFO - 25/11/02 11:27:59 INFO MemoryStore: MemoryStore cleared
[2025-11-02T11:27:59.376+0000] {subprocess.py:93} INFO - 25/11/02 11:27:59 INFO BlockManager: BlockManager stopped
[2025-11-02T11:27:59.381+0000] {subprocess.py:93} INFO - 25/11/02 11:27:59 INFO BlockManagerMaster: BlockManagerMaster stopped
[2025-11-02T11:27:59.385+0000] {subprocess.py:93} INFO - 25/11/02 11:27:59 INFO OutputCommitCoordinator$OutputCommitCoordinatorEndpoint: OutputCommitCoordinator stopped!
[2025-11-02T11:27:59.430+0000] {subprocess.py:93} INFO - 25/11/02 11:27:59 INFO SparkContext: Successfully stopped SparkContext
[2025-11-02T11:27:59.434+0000] {subprocess.py:93} INFO - 25/11/02 11:27:59 INFO ShutdownHookManager: Shutdown hook called
[2025-11-02T11:27:59.435+0000] {subprocess.py:93} INFO - 25/11/02 11:27:59 INFO ShutdownHookManager: Deleting directory /tmp/spark-e3114d45-28c2-454e-88a7-2cce9d460a87/pyspark-787aba74-65a5-4581-a50f-facca56de31d
[2025-11-02T11:27:59.438+0000] {subprocess.py:93} INFO - 25/11/02 11:27:59 INFO ShutdownHookManager: Deleting directory /tmp/spark-7e208b34-0833-461a-b033-9d3b3aae548f
[2025-11-02T11:27:59.440+0000] {subprocess.py:93} INFO - 25/11/02 11:27:59 INFO ShutdownHookManager: Deleting directory /tmp/spark-e3114d45-28c2-454e-88a7-2cce9d460a87
[2025-11-02T11:27:59.465+0000] {subprocess.py:97} INFO - Command exited with return code 1
[2025-11-02T11:27:59.478+0000] {taskinstance.py:3310} ERROR - Task failed with exception
Traceback (most recent call last):
  File "/home/airflow/.local/lib/python3.11/site-packages/airflow/models/taskinstance.py", line 767, in _execute_task
    result = _execute_callable(context=context, **execute_callable_kwargs)
             ^^^^^^^^^^^^^^^^^^^^^^^^^^^^^^^^^^^^^^^^^^^^^^^^^^^^^^^^^^^^^
  File "/home/airflow/.local/lib/python3.11/site-packages/airflow/models/taskinstance.py", line 733, in _execute_callable
    return ExecutionCallableRunner(
           ^^^^^^^^^^^^^^^^^^^^^^^^
  File "/home/airflow/.local/lib/python3.11/site-packages/airflow/utils/operator_helpers.py", line 252, in run
    return self.func(*args, **kwargs)
           ^^^^^^^^^^^^^^^^^^^^^^^^^^
  File "/home/airflow/.local/lib/python3.11/site-packages/airflow/models/baseoperator.py", line 406, in wrapper
    return func(self, *args, **kwargs)
           ^^^^^^^^^^^^^^^^^^^^^^^^^^^
  File "/home/airflow/.local/lib/python3.11/site-packages/airflow/operators/bash.py", line 249, in execute
    raise AirflowException(
airflow.exceptions.AirflowException: Bash command failed. The command returned a non-zero exit code 1.
[2025-11-02T11:27:59.483+0000] {taskinstance.py:1225} INFO - Marking task as FAILED. dag_id=modeling, task_id=gold_modeling_dimensions, run_id=manual__2025-11-02T11:27:53+00:00, execution_date=20251102T112753, start_date=20251102T112754, end_date=20251102T112759
[2025-11-02T11:27:59.498+0000] {taskinstance.py:340} INFO - ::group::Post task execution logs
[2025-11-02T11:27:59.500+0000] {standard_task_runner.py:124} ERROR - Failed to execute job 29 for task gold_modeling_dimensions (Bash command failed. The command returned a non-zero exit code 1.; 183)
Traceback (most recent call last):
  File "/home/airflow/.local/lib/python3.11/site-packages/airflow/task/task_runner/standard_task_runner.py", line 117, in _start_by_fork
    ret = args.func(args, dag=self.dag)
          ^^^^^^^^^^^^^^^^^^^^^^^^^^^^^
  File "/home/airflow/.local/lib/python3.11/site-packages/airflow/cli/cli_config.py", line 49, in command
    return func(*args, **kwargs)
           ^^^^^^^^^^^^^^^^^^^^^
  File "/home/airflow/.local/lib/python3.11/site-packages/airflow/utils/cli.py", line 115, in wrapper
    return f(*args, **kwargs)
           ^^^^^^^^^^^^^^^^^^
  File "/home/airflow/.local/lib/python3.11/site-packages/airflow/cli/commands/task_command.py", line 483, in task_run
    task_return_code = _run_task_by_selected_method(args, _dag, ti)
                       ^^^^^^^^^^^^^^^^^^^^^^^^^^^^^^^^^^^^^^^^^^^^
  File "/home/airflow/.local/lib/python3.11/site-packages/airflow/cli/commands/task_command.py", line 256, in _run_task_by_selected_method
    return _run_raw_task(args, ti)
           ^^^^^^^^^^^^^^^^^^^^^^^
  File "/home/airflow/.local/lib/python3.11/site-packages/airflow/cli/commands/task_command.py", line 341, in _run_raw_task
    return ti._run_raw_task(
           ^^^^^^^^^^^^^^^^^
  File "/home/airflow/.local/lib/python3.11/site-packages/airflow/utils/session.py", line 97, in wrapper
    return func(*args, session=session, **kwargs)
           ^^^^^^^^^^^^^^^^^^^^^^^^^^^^^^^^^^^^^^
  File "/home/airflow/.local/lib/python3.11/site-packages/airflow/models/taskinstance.py", line 3004, in _run_raw_task
    return _run_raw_task(
           ^^^^^^^^^^^^^^
  File "/home/airflow/.local/lib/python3.11/site-packages/airflow/models/taskinstance.py", line 273, in _run_raw_task
    TaskInstance._execute_task_with_callbacks(
  File "/home/airflow/.local/lib/python3.11/site-packages/airflow/models/taskinstance.py", line 3158, in _execute_task_with_callbacks
    result = self._execute_task(context, task_orig)
             ^^^^^^^^^^^^^^^^^^^^^^^^^^^^^^^^^^^^^^
  File "/home/airflow/.local/lib/python3.11/site-packages/airflow/models/taskinstance.py", line 3182, in _execute_task
    return _execute_task(self, context, task_orig)
           ^^^^^^^^^^^^^^^^^^^^^^^^^^^^^^^^^^^^^^^
  File "/home/airflow/.local/lib/python3.11/site-packages/airflow/models/taskinstance.py", line 767, in _execute_task
    result = _execute_callable(context=context, **execute_callable_kwargs)
             ^^^^^^^^^^^^^^^^^^^^^^^^^^^^^^^^^^^^^^^^^^^^^^^^^^^^^^^^^^^^^
  File "/home/airflow/.local/lib/python3.11/site-packages/airflow/models/taskinstance.py", line 733, in _execute_callable
    return ExecutionCallableRunner(
           ^^^^^^^^^^^^^^^^^^^^^^^^
  File "/home/airflow/.local/lib/python3.11/site-packages/airflow/utils/operator_helpers.py", line 252, in run
    return self.func(*args, **kwargs)
           ^^^^^^^^^^^^^^^^^^^^^^^^^^
  File "/home/airflow/.local/lib/python3.11/site-packages/airflow/models/baseoperator.py", line 406, in wrapper
    return func(self, *args, **kwargs)
           ^^^^^^^^^^^^^^^^^^^^^^^^^^^
  File "/home/airflow/.local/lib/python3.11/site-packages/airflow/operators/bash.py", line 249, in execute
    raise AirflowException(
airflow.exceptions.AirflowException: Bash command failed. The command returned a non-zero exit code 1.
[2025-11-02T11:27:59.534+0000] {local_task_job_runner.py:266} INFO - Task exited with return code 1
[2025-11-02T11:27:59.551+0000] {taskinstance.py:3900} INFO - 0 downstream tasks scheduled from follow-on schedule check
[2025-11-02T11:27:59.558+0000] {local_task_job_runner.py:245} INFO - ::endgroup::
