[2025-10-30T09:13:56.887+0000] {local_task_job_runner.py:123} INFO - ::group::Pre task execution logs
[2025-10-30T09:13:56.915+0000] {taskinstance.py:2612} INFO - Dependencies all met for dep_context=non-requeueable deps ti=<TaskInstance: spark_submit_example.spark_submit_job scheduled__2025-10-29T00:00:00+00:00 [queued]>
[2025-10-30T09:13:56.928+0000] {taskinstance.py:2612} INFO - Dependencies all met for dep_context=requeueable deps ti=<TaskInstance: spark_submit_example.spark_submit_job scheduled__2025-10-29T00:00:00+00:00 [queued]>
[2025-10-30T09:13:56.930+0000] {taskinstance.py:2865} INFO - Starting attempt 2 of 3
[2025-10-30T09:13:56.950+0000] {taskinstance.py:2888} INFO - Executing <Task(SparkSubmitOperator): spark_submit_job> on 2025-10-29 00:00:00+00:00
[2025-10-30T09:13:56.958+0000] {standard_task_runner.py:72} INFO - Started process 996 to run task
[2025-10-30T09:13:56.962+0000] {standard_task_runner.py:104} INFO - Running: ['***', 'tasks', 'run', 'spark_submit_example', 'spark_submit_job', 'scheduled__2025-10-29T00:00:00+00:00', '--job-id', '4', '--raw', '--subdir', 'DAGS_FOLDER/spark_submit_example.py', '--cfg-path', '/tmp/tmp7g334ntl']
[2025-10-30T09:13:56.968+0000] {standard_task_runner.py:105} INFO - Job 4: Subtask spark_submit_job
[2025-10-30T09:13:57.040+0000] {task_command.py:467} INFO - Running <TaskInstance: spark_submit_example.spark_submit_job scheduled__2025-10-29T00:00:00+00:00 [running]> on host 8bd4298c1c82
[2025-10-30T09:13:57.137+0000] {taskinstance.py:3131} INFO - Exporting env vars: AIRFLOW_CTX_DAG_OWNER='admin' AIRFLOW_CTX_DAG_ID='spark_submit_example' AIRFLOW_CTX_TASK_ID='spark_submit_job' AIRFLOW_CTX_EXECUTION_DATE='2025-10-29T00:00:00+00:00' AIRFLOW_CTX_TRY_NUMBER='2' AIRFLOW_CTX_DAG_RUN_ID='scheduled__2025-10-29T00:00:00+00:00'
[2025-10-30T09:13:57.139+0000] {taskinstance.py:731} INFO - ::endgroup::
[2025-10-30T09:13:57.177+0000] {logging_mixin.py:190} WARNING - /home/***/.local/lib/python3.11/site-packages/***/models/connection.py:372 RemovedInAirflow3Warning: Encountered non-JSON in `extra` field for connection 'spark_default'. Support for non-JSON `extra` will be removed in Airflow 3.0
[2025-10-30T09:13:57.179+0000] {connection.py:495} ERROR - Failed parsing the json for conn_id spark_default
Traceback (most recent call last):
  File "/home/airflow/.local/lib/python3.11/site-packages/airflow/models/connection.py", line 493, in get_extra_dejson
    extra = json.loads(self.extra)
            ^^^^^^^^^^^^^^^^^^^^^^
  File "/usr/local/lib/python3.11/json/__init__.py", line 346, in loads
    return _default_decoder.decode(s)
           ^^^^^^^^^^^^^^^^^^^^^^^^^^
  File "/usr/local/lib/python3.11/json/decoder.py", line 337, in decode
    obj, end = self.raw_decode(s, idx=_w(s, 0).end())
               ^^^^^^^^^^^^^^^^^^^^^^^^^^^^^^^^^^^^^^
  File "/usr/local/lib/python3.11/json/decoder.py", line 353, in raw_decode
    obj, end = self.scan_once(s, idx)
               ^^^^^^^^^^^^^^^^^^^^^^
json.decoder.JSONDecodeError: Expecting property name enclosed in double quotes: line 1 column 2 (char 1)
[2025-10-30T09:13:57.183+0000] {base.py:84} INFO - Retrieving connection 'spark_default'
[2025-10-30T09:13:57.185+0000] {connection.py:495} ERROR - Failed parsing the json for conn_id spark_default
Traceback (most recent call last):
  File "/home/airflow/.local/lib/python3.11/site-packages/airflow/models/connection.py", line 493, in get_extra_dejson
    extra = json.loads(self.extra)
            ^^^^^^^^^^^^^^^^^^^^^^
  File "/usr/local/lib/python3.11/json/__init__.py", line 346, in loads
    return _default_decoder.decode(s)
           ^^^^^^^^^^^^^^^^^^^^^^^^^^
  File "/usr/local/lib/python3.11/json/decoder.py", line 337, in decode
    obj, end = self.raw_decode(s, idx=_w(s, 0).end())
               ^^^^^^^^^^^^^^^^^^^^^^^^^^^^^^^^^^^^^^
  File "/usr/local/lib/python3.11/json/decoder.py", line 353, in raw_decode
    obj, end = self.scan_once(s, idx)
               ^^^^^^^^^^^^^^^^^^^^^^
json.decoder.JSONDecodeError: Expecting property name enclosed in double quotes: line 1 column 2 (char 1)
[2025-10-30T09:13:57.188+0000] {spark_submit.py:474} INFO - Spark-Submit cmd: spark-submit --master spark-master:7077 --conf spark.master=spark://spark-master:7077 --conf spark.app.name=***_spark_job --conf spark.executor.memory=1g --conf spark.executor.cores=2 --conf spark.cores.max=4 --name arrow-spark --verbose /opt/spark/work-dir/simple_pi.py
[2025-10-30T09:13:57.422+0000] {spark_submit.py:644} INFO - WARNING: Using incubator modules: jdk.incubator.vector
[2025-10-30T09:13:56.894+0000] {spark_submit.py:644} INFO - Parsed arguments:
[2025-10-30T09:13:56.897+0000] {spark_submit.py:644} INFO - master                  spark-master:7077
[2025-10-30T09:13:56.899+0000] {spark_submit.py:644} INFO - remote                  null
[2025-10-30T09:13:56.902+0000] {spark_submit.py:644} INFO - deployMode              null
[2025-10-30T09:13:56.904+0000] {spark_submit.py:644} INFO - executorMemory          1g
[2025-10-30T09:13:56.906+0000] {spark_submit.py:644} INFO - executorCores           2
[2025-10-30T09:13:56.908+0000] {spark_submit.py:644} INFO - totalExecutorCores      4
[2025-10-30T09:13:56.910+0000] {spark_submit.py:644} INFO - propertiesFile          null
[2025-10-30T09:13:56.912+0000] {spark_submit.py:644} INFO - driverMemory            null
[2025-10-30T09:13:56.914+0000] {spark_submit.py:644} INFO - driverCores             null
[2025-10-30T09:13:56.916+0000] {spark_submit.py:644} INFO - driverExtraClassPath    null
[2025-10-30T09:13:56.919+0000] {spark_submit.py:644} INFO - driverExtraLibraryPath  null
[2025-10-30T09:13:56.921+0000] {spark_submit.py:644} INFO - driverExtraJavaOptions  null
[2025-10-30T09:13:56.923+0000] {spark_submit.py:644} INFO - supervise               false
[2025-10-30T09:13:56.925+0000] {spark_submit.py:644} INFO - queue                   null
[2025-10-30T09:13:56.926+0000] {spark_submit.py:644} INFO - numExecutors            null
[2025-10-30T09:13:56.927+0000] {spark_submit.py:644} INFO - files                   null
[2025-10-30T09:13:56.929+0000] {spark_submit.py:644} INFO - pyFiles                 null
[2025-10-30T09:13:56.930+0000] {spark_submit.py:644} INFO - archives                null
[2025-10-30T09:13:56.933+0000] {spark_submit.py:644} INFO - mainClass               null
[2025-10-30T09:13:56.935+0000] {spark_submit.py:644} INFO - primaryResource         file:/opt/spark/work-dir/simple_pi.py
[2025-10-30T09:13:56.937+0000] {spark_submit.py:644} INFO - name                    arrow-spark
[2025-10-30T09:13:56.940+0000] {spark_submit.py:644} INFO - childArgs               []
[2025-10-30T09:13:56.941+0000] {spark_submit.py:644} INFO - jars                    null
[2025-10-30T09:13:56.943+0000] {spark_submit.py:644} INFO - packages                null
[2025-10-30T09:13:56.945+0000] {spark_submit.py:644} INFO - packagesExclusions      null
[2025-10-30T09:13:56.947+0000] {spark_submit.py:644} INFO - repositories            null
[2025-10-30T09:13:56.949+0000] {spark_submit.py:644} INFO - verbose                 true
[2025-10-30T09:13:56.952+0000] {spark_submit.py:644} INFO - 
[2025-10-30T09:13:56.954+0000] {spark_submit.py:644} INFO - Spark properties used, including those specified through
[2025-10-30T09:13:56.956+0000] {spark_submit.py:644} INFO - --conf and those from the properties file null:
[2025-10-30T09:13:56.958+0000] {spark_submit.py:644} INFO - (spark.app.name,***_spark_job)
[2025-10-30T09:13:56.960+0000] {spark_submit.py:644} INFO - (spark.cores.max,4)
[2025-10-30T09:13:56.960+0000] {spark_submit.py:644} INFO - (spark.executor.cores,2)
[2025-10-30T09:13:56.961+0000] {spark_submit.py:644} INFO - (spark.executor.memory,1g)
[2025-10-30T09:13:56.962+0000] {spark_submit.py:644} INFO - (spark.master,spark://spark-master:7077)
[2025-10-30T09:13:56.963+0000] {spark_submit.py:644} INFO - 
[2025-10-30T09:13:56.964+0000] {spark_submit.py:644} INFO - 
[2025-10-30T09:13:57.243+0000] {spark_submit.py:644} INFO - Main class:
[2025-10-30T09:13:57.247+0000] {spark_submit.py:644} INFO - org.apache.spark.deploy.PythonRunner
[2025-10-30T09:13:57.250+0000] {spark_submit.py:644} INFO - Arguments:
[2025-10-30T09:13:57.252+0000] {spark_submit.py:644} INFO - file:/opt/spark/work-dir/simple_pi.py
[2025-10-30T09:13:57.255+0000] {spark_submit.py:644} INFO - null
[2025-10-30T09:13:57.257+0000] {spark_submit.py:644} INFO - Spark config:
[2025-10-30T09:13:57.259+0000] {spark_submit.py:644} INFO - (spark.app.name,arrow-spark)
[2025-10-30T09:13:57.261+0000] {spark_submit.py:644} INFO - (spark.app.submitTime,1761815637179)
[2025-10-30T09:13:57.263+0000] {spark_submit.py:644} INFO - (spark.cores.max,4)
[2025-10-30T09:13:57.265+0000] {spark_submit.py:644} INFO - (spark.executor.cores,2)
[2025-10-30T09:13:57.268+0000] {spark_submit.py:644} INFO - (spark.executor.memory,1g)
[2025-10-30T09:13:57.270+0000] {spark_submit.py:644} INFO - (spark.master,spark-master:7077)
[2025-10-30T09:13:57.273+0000] {spark_submit.py:644} INFO - (spark.submit.deployMode,client)
[2025-10-30T09:13:57.275+0000] {spark_submit.py:644} INFO - (spark.submit.pyFiles,)
[2025-10-30T09:13:57.277+0000] {spark_submit.py:644} INFO - Classpath elements:
[2025-10-30T09:13:57.279+0000] {spark_submit.py:644} INFO - 
[2025-10-30T09:13:57.280+0000] {spark_submit.py:644} INFO - 
[2025-10-30T09:13:57.282+0000] {spark_submit.py:644} INFO - 
[2025-10-30T09:13:57.374+0000] {spark_submit.py:644} INFO - python3: can't open file '/opt/spark/work-dir/simple_pi.py': [Errno 2] No such file or directory
[2025-10-30T09:13:57.391+0000] {spark_submit.py:644} INFO - 25/10/30 09:13:57 INFO ShutdownHookManager: Shutdown hook called
[2025-10-30T09:13:57.394+0000] {spark_submit.py:644} INFO - 25/10/30 09:13:57 INFO ShutdownHookManager: Deleting directory /tmp/spark-8d4c7046-5209-4fc9-8f74-de7deb4c3c62
[2025-10-30T09:13:57.439+0000] {taskinstance.py:3310} ERROR - Task failed with exception
Traceback (most recent call last):
  File "/home/airflow/.local/lib/python3.11/site-packages/airflow/models/taskinstance.py", line 767, in _execute_task
    result = _execute_callable(context=context, **execute_callable_kwargs)
             ^^^^^^^^^^^^^^^^^^^^^^^^^^^^^^^^^^^^^^^^^^^^^^^^^^^^^^^^^^^^^
  File "/home/airflow/.local/lib/python3.11/site-packages/airflow/models/taskinstance.py", line 733, in _execute_callable
    return ExecutionCallableRunner(
           ^^^^^^^^^^^^^^^^^^^^^^^^
  File "/home/airflow/.local/lib/python3.11/site-packages/airflow/utils/operator_helpers.py", line 252, in run
    return self.func(*args, **kwargs)
           ^^^^^^^^^^^^^^^^^^^^^^^^^^
  File "/home/airflow/.local/lib/python3.11/site-packages/airflow/models/baseoperator.py", line 406, in wrapper
    return func(self, *args, **kwargs)
           ^^^^^^^^^^^^^^^^^^^^^^^^^^^
  File "/home/airflow/.local/lib/python3.11/site-packages/airflow/providers/apache/spark/operators/spark_submit.py", line 197, in execute
    self._hook.submit(self.application)
  File "/home/airflow/.local/lib/python3.11/site-packages/airflow/providers/apache/spark/hooks/spark_submit.py", line 566, in submit
    raise AirflowException(
airflow.exceptions.AirflowException: Cannot execute: spark-submit --master spark-master:7077 --conf spark.master=spark://spark-master:7077 --conf spark.app.name=***_spark_job --conf spark.executor.memory=1g --conf spark.executor.cores=2 --conf spark.cores.max=4 --name arrow-spark --verbose /opt/spark/work-dir/simple_pi.py. Error code is: 2.
[2025-10-30T09:13:57.448+0000] {taskinstance.py:1225} INFO - Marking task as UP_FOR_RETRY. dag_id=spark_submit_example, task_id=spark_submit_job, run_id=scheduled__2025-10-29T00:00:00+00:00, execution_date=20251029T000000, start_date=20251030T091356, end_date=20251030T091357
[2025-10-30T09:13:57.467+0000] {taskinstance.py:340} INFO - ::group::Post task execution logs
[2025-10-30T09:13:57.469+0000] {standard_task_runner.py:124} ERROR - Failed to execute job 4 for task spark_submit_job (Cannot execute: spark-submit --master spark-master:7077 --conf spark.master=spark://spark-master:7077 --conf spark.app.name=***_spark_job --conf spark.executor.memory=1g --conf spark.executor.cores=2 --conf spark.cores.max=4 --name arrow-spark --verbose /opt/spark/work-dir/simple_pi.py. Error code is: 2.; 996)
Traceback (most recent call last):
  File "/home/airflow/.local/lib/python3.11/site-packages/airflow/task/task_runner/standard_task_runner.py", line 117, in _start_by_fork
    ret = args.func(args, dag=self.dag)
          ^^^^^^^^^^^^^^^^^^^^^^^^^^^^^
  File "/home/airflow/.local/lib/python3.11/site-packages/airflow/cli/cli_config.py", line 49, in command
    return func(*args, **kwargs)
           ^^^^^^^^^^^^^^^^^^^^^
  File "/home/airflow/.local/lib/python3.11/site-packages/airflow/utils/cli.py", line 115, in wrapper
    return f(*args, **kwargs)
           ^^^^^^^^^^^^^^^^^^
  File "/home/airflow/.local/lib/python3.11/site-packages/airflow/cli/commands/task_command.py", line 483, in task_run
    task_return_code = _run_task_by_selected_method(args, _dag, ti)
                       ^^^^^^^^^^^^^^^^^^^^^^^^^^^^^^^^^^^^^^^^^^^^
  File "/home/airflow/.local/lib/python3.11/site-packages/airflow/cli/commands/task_command.py", line 256, in _run_task_by_selected_method
    return _run_raw_task(args, ti)
           ^^^^^^^^^^^^^^^^^^^^^^^
  File "/home/airflow/.local/lib/python3.11/site-packages/airflow/cli/commands/task_command.py", line 341, in _run_raw_task
    return ti._run_raw_task(
           ^^^^^^^^^^^^^^^^^
  File "/home/airflow/.local/lib/python3.11/site-packages/airflow/utils/session.py", line 97, in wrapper
    return func(*args, session=session, **kwargs)
           ^^^^^^^^^^^^^^^^^^^^^^^^^^^^^^^^^^^^^^
  File "/home/airflow/.local/lib/python3.11/site-packages/airflow/models/taskinstance.py", line 3004, in _run_raw_task
    return _run_raw_task(
           ^^^^^^^^^^^^^^
  File "/home/airflow/.local/lib/python3.11/site-packages/airflow/models/taskinstance.py", line 273, in _run_raw_task
    TaskInstance._execute_task_with_callbacks(
  File "/home/airflow/.local/lib/python3.11/site-packages/airflow/models/taskinstance.py", line 3158, in _execute_task_with_callbacks
    result = self._execute_task(context, task_orig)
             ^^^^^^^^^^^^^^^^^^^^^^^^^^^^^^^^^^^^^^
  File "/home/airflow/.local/lib/python3.11/site-packages/airflow/models/taskinstance.py", line 3182, in _execute_task
    return _execute_task(self, context, task_orig)
           ^^^^^^^^^^^^^^^^^^^^^^^^^^^^^^^^^^^^^^^
  File "/home/airflow/.local/lib/python3.11/site-packages/airflow/models/taskinstance.py", line 767, in _execute_task
    result = _execute_callable(context=context, **execute_callable_kwargs)
             ^^^^^^^^^^^^^^^^^^^^^^^^^^^^^^^^^^^^^^^^^^^^^^^^^^^^^^^^^^^^^
  File "/home/airflow/.local/lib/python3.11/site-packages/airflow/models/taskinstance.py", line 733, in _execute_callable
    return ExecutionCallableRunner(
           ^^^^^^^^^^^^^^^^^^^^^^^^
  File "/home/airflow/.local/lib/python3.11/site-packages/airflow/utils/operator_helpers.py", line 252, in run
    return self.func(*args, **kwargs)
           ^^^^^^^^^^^^^^^^^^^^^^^^^^
  File "/home/airflow/.local/lib/python3.11/site-packages/airflow/models/baseoperator.py", line 406, in wrapper
    return func(self, *args, **kwargs)
           ^^^^^^^^^^^^^^^^^^^^^^^^^^^
  File "/home/airflow/.local/lib/python3.11/site-packages/airflow/providers/apache/spark/operators/spark_submit.py", line 197, in execute
    self._hook.submit(self.application)
  File "/home/airflow/.local/lib/python3.11/site-packages/airflow/providers/apache/spark/hooks/spark_submit.py", line 566, in submit
    raise AirflowException(
airflow.exceptions.AirflowException: Cannot execute: spark-submit --master spark-master:7077 --conf spark.master=spark://spark-master:7077 --conf spark.app.name=***_spark_job --conf spark.executor.memory=1g --conf spark.executor.cores=2 --conf spark.cores.max=4 --name arrow-spark --verbose /opt/spark/work-dir/simple_pi.py. Error code is: 2.
[2025-10-30T09:13:57.488+0000] {local_task_job_runner.py:266} INFO - Task exited with return code 1
[2025-10-30T09:13:57.520+0000] {taskinstance.py:3900} INFO - 0 downstream tasks scheduled from follow-on schedule check
[2025-10-30T09:13:57.527+0000] {local_task_job_runner.py:245} INFO - ::endgroup::
[2025-10-30T09:19:15.111+0000] {local_task_job_runner.py:123} INFO - ::group::Pre task execution logs
[2025-10-30T09:19:15.128+0000] {taskinstance.py:2612} INFO - Dependencies all met for dep_context=non-requeueable deps ti=<TaskInstance: spark_submit_example.spark_submit_job scheduled__2025-10-29T00:00:00+00:00 [queued]>
[2025-10-30T09:19:15.137+0000] {taskinstance.py:2612} INFO - Dependencies all met for dep_context=requeueable deps ti=<TaskInstance: spark_submit_example.spark_submit_job scheduled__2025-10-29T00:00:00+00:00 [queued]>
[2025-10-30T09:19:15.139+0000] {taskinstance.py:2865} INFO - Starting attempt 2 of 3
[2025-10-30T09:19:15.153+0000] {taskinstance.py:2888} INFO - Executing <Task(SparkSubmitOperator): spark_submit_job> on 2025-10-29 00:00:00+00:00
[2025-10-30T09:19:15.159+0000] {standard_task_runner.py:72} INFO - Started process 481 to run task
[2025-10-30T09:19:15.162+0000] {standard_task_runner.py:104} INFO - Running: ['***', 'tasks', 'run', 'spark_submit_example', 'spark_submit_job', 'scheduled__2025-10-29T00:00:00+00:00', '--job-id', '3', '--raw', '--subdir', 'DAGS_FOLDER/spark_submit_example.py', '--cfg-path', '/tmp/tmp4btbytvo']
[2025-10-30T09:19:15.166+0000] {standard_task_runner.py:105} INFO - Job 3: Subtask spark_submit_job
[2025-10-30T09:19:15.223+0000] {task_command.py:467} INFO - Running <TaskInstance: spark_submit_example.spark_submit_job scheduled__2025-10-29T00:00:00+00:00 [running]> on host 9c2579904686
[2025-10-30T09:19:15.300+0000] {taskinstance.py:3131} INFO - Exporting env vars: AIRFLOW_CTX_DAG_OWNER='admin' AIRFLOW_CTX_DAG_ID='spark_submit_example' AIRFLOW_CTX_TASK_ID='spark_submit_job' AIRFLOW_CTX_EXECUTION_DATE='2025-10-29T00:00:00+00:00' AIRFLOW_CTX_TRY_NUMBER='2' AIRFLOW_CTX_DAG_RUN_ID='scheduled__2025-10-29T00:00:00+00:00'
[2025-10-30T09:19:15.302+0000] {taskinstance.py:731} INFO - ::endgroup::
[2025-10-30T09:19:15.326+0000] {base.py:84} INFO - Retrieving connection 'spark_default'
[2025-10-30T09:19:15.328+0000] {spark_submit.py:474} INFO - Spark-Submit cmd: spark-submit --master spark-master:7077 --conf spark.app.name=***_spark_job --conf spark.executor.memory=1g --conf spark.executor.cores=2 --conf spark.cores.max=4 --name arrow-spark --verbose --deploy-mode client /opt/***/jobs/simple_pi.py
[2025-10-30T09:19:15.532+0000] {spark_submit.py:644} INFO - WARNING: Using incubator modules: jdk.incubator.vector
[2025-10-30T09:19:16.483+0000] {spark_submit.py:644} INFO - Parsed arguments:
[2025-10-30T09:19:16.485+0000] {spark_submit.py:644} INFO - master                  spark-master:7077
[2025-10-30T09:19:16.487+0000] {spark_submit.py:644} INFO - remote                  null
[2025-10-30T09:19:16.489+0000] {spark_submit.py:644} INFO - deployMode              client
[2025-10-30T09:19:16.491+0000] {spark_submit.py:644} INFO - executorMemory          1g
[2025-10-30T09:19:16.492+0000] {spark_submit.py:644} INFO - executorCores           2
[2025-10-30T09:19:16.495+0000] {spark_submit.py:644} INFO - totalExecutorCores      4
[2025-10-30T09:19:16.497+0000] {spark_submit.py:644} INFO - propertiesFile          null
[2025-10-30T09:19:16.498+0000] {spark_submit.py:644} INFO - driverMemory            null
[2025-10-30T09:19:16.500+0000] {spark_submit.py:644} INFO - driverCores             null
[2025-10-30T09:19:16.502+0000] {spark_submit.py:644} INFO - driverExtraClassPath    null
[2025-10-30T09:19:16.504+0000] {spark_submit.py:644} INFO - driverExtraLibraryPath  null
[2025-10-30T09:19:16.506+0000] {spark_submit.py:644} INFO - driverExtraJavaOptions  null
[2025-10-30T09:19:16.508+0000] {spark_submit.py:644} INFO - supervise               false
[2025-10-30T09:19:16.510+0000] {spark_submit.py:644} INFO - queue                   null
[2025-10-30T09:19:16.512+0000] {spark_submit.py:644} INFO - numExecutors            null
[2025-10-30T09:19:16.513+0000] {spark_submit.py:644} INFO - files                   null
[2025-10-30T09:19:16.515+0000] {spark_submit.py:644} INFO - pyFiles                 null
[2025-10-30T09:19:16.517+0000] {spark_submit.py:644} INFO - archives                null
[2025-10-30T09:19:16.518+0000] {spark_submit.py:644} INFO - mainClass               null
[2025-10-30T09:19:16.520+0000] {spark_submit.py:644} INFO - primaryResource         file:/opt/***/jobs/simple_pi.py
[2025-10-30T09:19:16.521+0000] {spark_submit.py:644} INFO - name                    arrow-spark
[2025-10-30T09:19:16.523+0000] {spark_submit.py:644} INFO - childArgs               []
[2025-10-30T09:19:16.525+0000] {spark_submit.py:644} INFO - jars                    null
[2025-10-30T09:19:16.527+0000] {spark_submit.py:644} INFO - packages                null
[2025-10-30T09:19:16.528+0000] {spark_submit.py:644} INFO - packagesExclusions      null
[2025-10-30T09:19:16.530+0000] {spark_submit.py:644} INFO - repositories            null
[2025-10-30T09:19:16.531+0000] {spark_submit.py:644} INFO - verbose                 true
[2025-10-30T09:19:16.533+0000] {spark_submit.py:644} INFO - 
[2025-10-30T09:19:16.535+0000] {spark_submit.py:644} INFO - Spark properties used, including those specified through
[2025-10-30T09:19:16.536+0000] {spark_submit.py:644} INFO - --conf and those from the properties file null:
[2025-10-30T09:19:16.539+0000] {spark_submit.py:644} INFO - (spark.app.name,***_spark_job)
[2025-10-30T09:19:16.540+0000] {spark_submit.py:644} INFO - (spark.cores.max,4)
[2025-10-30T09:19:16.542+0000] {spark_submit.py:644} INFO - (spark.executor.cores,2)
[2025-10-30T09:19:16.543+0000] {spark_submit.py:644} INFO - (spark.executor.memory,1g)
[2025-10-30T09:19:16.545+0000] {spark_submit.py:644} INFO - 
[2025-10-30T09:19:16.546+0000] {spark_submit.py:644} INFO - 
[2025-10-30T09:19:16.695+0000] {spark_submit.py:644} INFO - Main class:
[2025-10-30T09:19:16.697+0000] {spark_submit.py:644} INFO - org.apache.spark.deploy.PythonRunner
[2025-10-30T09:19:16.698+0000] {spark_submit.py:644} INFO - Arguments:
[2025-10-30T09:19:16.700+0000] {spark_submit.py:644} INFO - file:/opt/***/jobs/simple_pi.py
[2025-10-30T09:19:16.702+0000] {spark_submit.py:644} INFO - null
[2025-10-30T09:19:16.704+0000] {spark_submit.py:644} INFO - Spark config:
[2025-10-30T09:19:16.705+0000] {spark_submit.py:644} INFO - (spark.app.name,arrow-spark)
[2025-10-30T09:19:16.706+0000] {spark_submit.py:644} INFO - (spark.app.submitTime,1761815956669)
[2025-10-30T09:19:16.708+0000] {spark_submit.py:644} INFO - (spark.cores.max,4)
[2025-10-30T09:19:16.709+0000] {spark_submit.py:644} INFO - (spark.executor.cores,2)
[2025-10-30T09:19:16.711+0000] {spark_submit.py:644} INFO - (spark.executor.memory,1g)
[2025-10-30T09:19:16.712+0000] {spark_submit.py:644} INFO - (spark.master,spark-master:7077)
[2025-10-30T09:19:16.713+0000] {spark_submit.py:644} INFO - (spark.submit.deployMode,client)
[2025-10-30T09:19:16.715+0000] {spark_submit.py:644} INFO - (spark.submit.pyFiles,)
[2025-10-30T09:19:16.716+0000] {spark_submit.py:644} INFO - Classpath elements:
[2025-10-30T09:19:16.717+0000] {spark_submit.py:644} INFO - 
[2025-10-30T09:19:16.718+0000] {spark_submit.py:644} INFO - 
[2025-10-30T09:19:16.719+0000] {spark_submit.py:644} INFO - 
[2025-10-30T09:19:17.687+0000] {spark_submit.py:644} INFO - Running Pi calculation with 2 partitions...
[2025-10-30T09:19:18.155+0000] {spark_submit.py:644} INFO - Using Spark's default log4j profile: org/apache/spark/log4j2-defaults.properties
[2025-10-30T09:19:18.166+0000] {spark_submit.py:644} INFO - 25/10/30 09:19:18 INFO SparkContext: Running Spark version 4.0.1
[2025-10-30T09:19:18.172+0000] {spark_submit.py:644} INFO - 25/10/30 09:19:18 INFO SparkContext: OS info Linux, 6.6.87.2-microsoft-standard-WSL2, amd64
[2025-10-30T09:19:18.174+0000] {spark_submit.py:644} INFO - 25/10/30 09:19:18 INFO SparkContext: Java version 17.0.17
[2025-10-30T09:19:18.307+0000] {spark_submit.py:644} INFO - 25/10/30 09:19:18 WARN NativeCodeLoader: Unable to load native-hadoop library for your platform... using builtin-java classes where applicable
[2025-10-30T09:19:18.376+0000] {spark_submit.py:644} INFO - 25/10/30 09:19:18 INFO ResourceUtils: ==============================================================
[2025-10-30T09:19:18.378+0000] {spark_submit.py:644} INFO - 25/10/30 09:19:18 INFO ResourceUtils: No custom resources configured for spark.driver.
[2025-10-30T09:19:18.380+0000] {spark_submit.py:644} INFO - 25/10/30 09:19:18 INFO ResourceUtils: ==============================================================
[2025-10-30T09:19:18.381+0000] {spark_submit.py:644} INFO - 25/10/30 09:19:18 INFO SparkContext: Submitted application: CalculatePi
[2025-10-30T09:19:18.409+0000] {spark_submit.py:644} INFO - 25/10/30 09:19:18 INFO ResourceProfile: Default ResourceProfile created, executor resources: Map(cores -> name: cores, amount: 2, script: , vendor: , memory -> name: memory, amount: 1024, script: , vendor: , offHeap -> name: offHeap, amount: 0, script: , vendor: ), task resources: Map(cpus -> name: cpus, amount: 1.0)
[2025-10-30T09:19:18.416+0000] {spark_submit.py:644} INFO - 25/10/30 09:19:18 INFO ResourceProfile: Limiting resource is cpus at 2 tasks per executor
[2025-10-30T09:19:18.420+0000] {spark_submit.py:644} INFO - 25/10/30 09:19:18 INFO ResourceProfileManager: Added ResourceProfile id: 0
[2025-10-30T09:19:18.486+0000] {spark_submit.py:644} INFO - 25/10/30 09:19:18 INFO SecurityManager: Changing view acls to: ***
[2025-10-30T09:19:18.488+0000] {spark_submit.py:644} INFO - 25/10/30 09:19:18 INFO SecurityManager: Changing modify acls to: ***
[2025-10-30T09:19:18.490+0000] {spark_submit.py:644} INFO - 25/10/30 09:19:18 INFO SecurityManager: Changing view acls groups to: ***
[2025-10-30T09:19:18.492+0000] {spark_submit.py:644} INFO - 25/10/30 09:19:18 INFO SecurityManager: Changing modify acls groups to: ***
[2025-10-30T09:19:18.493+0000] {spark_submit.py:644} INFO - 25/10/30 09:19:18 INFO SecurityManager: SecurityManager: authentication disabled; ui acls disabled; users with view permissions: *** groups with view permissions: EMPTY; users with modify permissions: ***; groups with modify permissions: EMPTY; RPC SSL disabled
[2025-10-30T09:19:18.787+0000] {spark_submit.py:644} INFO - 25/10/30 09:19:18 INFO Utils: Successfully started service 'sparkDriver' on port 42601.
[2025-10-30T09:19:18.826+0000] {spark_submit.py:644} INFO - 25/10/30 09:19:18 INFO SparkEnv: Registering MapOutputTracker
[2025-10-30T09:19:18.842+0000] {spark_submit.py:644} INFO - 25/10/30 09:19:18 INFO SparkEnv: Registering BlockManagerMaster
[2025-10-30T09:19:18.863+0000] {spark_submit.py:644} INFO - 25/10/30 09:19:18 INFO BlockManagerMasterEndpoint: Using org.apache.spark.storage.DefaultTopologyMapper for getting topology information
[2025-10-30T09:19:18.865+0000] {spark_submit.py:644} INFO - 25/10/30 09:19:18 INFO BlockManagerMasterEndpoint: BlockManagerMasterEndpoint up
[2025-10-30T09:19:18.869+0000] {spark_submit.py:644} INFO - 25/10/30 09:19:18 INFO SparkEnv: Registering BlockManagerMasterHeartbeat
[2025-10-30T09:19:18.896+0000] {spark_submit.py:644} INFO - 25/10/30 09:19:18 INFO DiskBlockManager: Created local directory at /tmp/blockmgr-a3dd9562-1c3c-4cf8-a391-c5952ac213e1
[2025-10-30T09:19:18.925+0000] {spark_submit.py:644} INFO - 25/10/30 09:19:18 INFO SparkEnv: Registering OutputCommitCoordinator
[2025-10-30T09:19:19.091+0000] {spark_submit.py:644} INFO - 25/10/30 09:19:19 INFO JettyUtils: Start Jetty 0.0.0.0:4040 for SparkUI
[2025-10-30T09:19:19.185+0000] {spark_submit.py:644} INFO - 25/10/30 09:19:19 INFO Utils: Successfully started service 'SparkUI' on port 4040.
[2025-10-30T09:19:19.247+0000] {spark_submit.py:644} INFO - 25/10/30 09:19:19 INFO SecurityManager: Changing view acls to: ***
[2025-10-30T09:19:19.250+0000] {spark_submit.py:644} INFO - 25/10/30 09:19:19 INFO SecurityManager: Changing modify acls to: ***
[2025-10-30T09:19:19.252+0000] {spark_submit.py:644} INFO - 25/10/30 09:19:19 INFO SecurityManager: Changing view acls groups to: ***
[2025-10-30T09:19:19.254+0000] {spark_submit.py:644} INFO - 25/10/30 09:19:19 INFO SecurityManager: Changing modify acls groups to: ***
[2025-10-30T09:19:19.255+0000] {spark_submit.py:644} INFO - 25/10/30 09:19:19 INFO SecurityManager: SecurityManager: authentication disabled; ui acls disabled; users with view permissions: *** groups with view permissions: EMPTY; users with modify permissions: ***; groups with modify permissions: EMPTY; RPC SSL disabled
[2025-10-30T09:19:19.283+0000] {spark_submit.py:644} INFO - 25/10/30 09:19:19 ERROR SparkContext: Error initializing SparkContext.
[2025-10-30T09:19:19.285+0000] {spark_submit.py:644} INFO - org.apache.spark.SparkException: Could not parse Master URL: 'spark-master:7077'
[2025-10-30T09:19:19.288+0000] {spark_submit.py:644} INFO - at org.apache.spark.SparkContext$.org$apache$spark$SparkContext$$createTaskScheduler(SparkContext.scala:3358)
[2025-10-30T09:19:19.289+0000] {spark_submit.py:644} INFO - at org.apache.spark.SparkContext.<init>(SparkContext.scala:593)
[2025-10-30T09:19:19.291+0000] {spark_submit.py:644} INFO - at org.apache.spark.api.java.JavaSparkContext.<init>(JavaSparkContext.scala:59)
[2025-10-30T09:19:19.293+0000] {spark_submit.py:644} INFO - at java.base/jdk.internal.reflect.NativeConstructorAccessorImpl.newInstance0(Native Method)
[2025-10-30T09:19:19.294+0000] {spark_submit.py:644} INFO - at java.base/jdk.internal.reflect.NativeConstructorAccessorImpl.newInstance(NativeConstructorAccessorImpl.java:77)
[2025-10-30T09:19:19.296+0000] {spark_submit.py:644} INFO - at java.base/jdk.internal.reflect.DelegatingConstructorAccessorImpl.newInstance(DelegatingConstructorAccessorImpl.java:45)
[2025-10-30T09:19:19.297+0000] {spark_submit.py:644} INFO - at java.base/java.lang.reflect.Constructor.newInstanceWithCaller(Constructor.java:500)
[2025-10-30T09:19:19.298+0000] {spark_submit.py:644} INFO - at java.base/java.lang.reflect.Constructor.newInstance(Constructor.java:481)
[2025-10-30T09:19:19.300+0000] {spark_submit.py:644} INFO - at py4j.reflection.MethodInvoker.invoke(MethodInvoker.java:247)
[2025-10-30T09:19:19.301+0000] {spark_submit.py:644} INFO - at py4j.reflection.ReflectionEngine.invoke(ReflectionEngine.java:374)
[2025-10-30T09:19:19.303+0000] {spark_submit.py:644} INFO - at py4j.Gateway.invoke(Gateway.java:238)
[2025-10-30T09:19:19.305+0000] {spark_submit.py:644} INFO - at py4j.commands.ConstructorCommand.invokeConstructor(ConstructorCommand.java:80)
[2025-10-30T09:19:19.306+0000] {spark_submit.py:644} INFO - at py4j.commands.ConstructorCommand.execute(ConstructorCommand.java:69)
[2025-10-30T09:19:19.308+0000] {spark_submit.py:644} INFO - at py4j.ClientServerConnection.waitForCommands(ClientServerConnection.java:184)
[2025-10-30T09:19:19.310+0000] {spark_submit.py:644} INFO - at py4j.ClientServerConnection.run(ClientServerConnection.java:108)
[2025-10-30T09:19:19.311+0000] {spark_submit.py:644} INFO - at java.base/java.lang.Thread.run(Thread.java:840)
[2025-10-30T09:19:19.312+0000] {spark_submit.py:644} INFO - 25/10/30 09:19:19 INFO SparkContext: SparkContext is stopping with exitCode 0 from JavaSparkContext at NativeConstructorAccessorImpl.java:0.
[2025-10-30T09:19:19.313+0000] {spark_submit.py:644} INFO - 25/10/30 09:19:19 INFO SparkUI: Stopped Spark web UI at http://9c2579904686:4040
[2025-10-30T09:19:19.330+0000] {spark_submit.py:644} INFO - 25/10/30 09:19:19 INFO MapOutputTrackerMasterEndpoint: MapOutputTrackerMasterEndpoint stopped!
[2025-10-30T09:19:19.348+0000] {spark_submit.py:644} INFO - 25/10/30 09:19:19 INFO MemoryStore: MemoryStore started with capacity 434.4 MiB
[2025-10-30T09:19:19.351+0000] {spark_submit.py:644} INFO - 25/10/30 09:19:19 INFO MemoryStore: MemoryStore cleared
[2025-10-30T09:19:19.353+0000] {spark_submit.py:644} INFO - 25/10/30 09:19:19 INFO BlockManager: BlockManager stopped
[2025-10-30T09:19:19.359+0000] {spark_submit.py:644} INFO - 25/10/30 09:19:19 INFO BlockManagerMaster: BlockManagerMaster stopped
[2025-10-30T09:19:19.361+0000] {spark_submit.py:644} INFO - 25/10/30 09:19:19 WARN MetricsSystem: Stopping a MetricsSystem that is not running
[2025-10-30T09:19:19.363+0000] {spark_submit.py:644} INFO - 25/10/30 09:19:19 INFO OutputCommitCoordinator$OutputCommitCoordinatorEndpoint: OutputCommitCoordinator stopped!
[2025-10-30T09:19:19.374+0000] {spark_submit.py:644} INFO - 25/10/30 09:19:19 INFO SparkContext: Successfully stopped SparkContext
[2025-10-30T09:19:19.376+0000] {spark_submit.py:644} INFO - Traceback (most recent call last):
[2025-10-30T09:19:19.377+0000] {spark_submit.py:644} INFO - File "/opt/***/jobs/simple_pi.py", line 37, in <module>
[2025-10-30T09:19:19.379+0000] {spark_submit.py:644} INFO - calculate_pi(partitions)
[2025-10-30T09:19:19.381+0000] {spark_submit.py:644} INFO - File "/opt/***/jobs/simple_pi.py", line 12, in calculate_pi
[2025-10-30T09:19:19.383+0000] {spark_submit.py:644} INFO - spark = SparkSession.builder.appName("CalculatePi").getOrCreate()
[2025-10-30T09:19:19.385+0000] {spark_submit.py:644} INFO - ^^^^^^^^^^^^^^^^^^^^^^^^^^^^^^^^^^^^^^^^^^^^^^^^^^^^^^^^^
[2025-10-30T09:19:19.387+0000] {spark_submit.py:644} INFO - File "/home/***/.local/lib/python3.11/site-packages/pyspark/python/lib/pyspark.zip/pyspark/sql/session.py", line 556, in getOrCreate
[2025-10-30T09:19:19.388+0000] {spark_submit.py:644} INFO - File "/home/***/.local/lib/python3.11/site-packages/pyspark/python/lib/pyspark.zip/pyspark/core/context.py", line 523, in getOrCreate
[2025-10-30T09:19:19.389+0000] {spark_submit.py:644} INFO - File "/home/***/.local/lib/python3.11/site-packages/pyspark/python/lib/pyspark.zip/pyspark/core/context.py", line 207, in __init__
[2025-10-30T09:19:19.391+0000] {spark_submit.py:644} INFO - File "/home/***/.local/lib/python3.11/site-packages/pyspark/python/lib/pyspark.zip/pyspark/core/context.py", line 300, in _do_init
[2025-10-30T09:19:19.392+0000] {spark_submit.py:644} INFO - File "/home/***/.local/lib/python3.11/site-packages/pyspark/python/lib/pyspark.zip/pyspark/core/context.py", line 429, in _initialize_context
[2025-10-30T09:19:19.394+0000] {spark_submit.py:644} INFO - File "/home/***/.local/lib/python3.11/site-packages/pyspark/python/lib/py4j-0.10.9.9-src.zip/py4j/java_gateway.py", line 1627, in __call__
[2025-10-30T09:19:19.395+0000] {spark_submit.py:644} INFO - File "/home/***/.local/lib/python3.11/site-packages/pyspark/python/lib/py4j-0.10.9.9-src.zip/py4j/protocol.py", line 327, in get_return_value
[2025-10-30T09:19:19.396+0000] {spark_submit.py:644} INFO - py4j.protocol.Py4JJavaError: An error occurred while calling None.org.apache.spark.api.java.JavaSparkContext.
[2025-10-30T09:19:19.398+0000] {spark_submit.py:644} INFO - : org.apache.spark.SparkException: Could not parse Master URL: 'spark-master:7077'
[2025-10-30T09:19:19.400+0000] {spark_submit.py:644} INFO - at org.apache.spark.SparkContext$.org$apache$spark$SparkContext$$createTaskScheduler(SparkContext.scala:3358)
[2025-10-30T09:19:19.401+0000] {spark_submit.py:644} INFO - at org.apache.spark.SparkContext.<init>(SparkContext.scala:593)
[2025-10-30T09:19:19.403+0000] {spark_submit.py:644} INFO - at org.apache.spark.api.java.JavaSparkContext.<init>(JavaSparkContext.scala:59)
[2025-10-30T09:19:19.404+0000] {spark_submit.py:644} INFO - at java.base/jdk.internal.reflect.NativeConstructorAccessorImpl.newInstance0(Native Method)
[2025-10-30T09:19:19.406+0000] {spark_submit.py:644} INFO - at java.base/jdk.internal.reflect.NativeConstructorAccessorImpl.newInstance(NativeConstructorAccessorImpl.java:77)
[2025-10-30T09:19:19.407+0000] {spark_submit.py:644} INFO - at java.base/jdk.internal.reflect.DelegatingConstructorAccessorImpl.newInstance(DelegatingConstructorAccessorImpl.java:45)
[2025-10-30T09:19:19.408+0000] {spark_submit.py:644} INFO - at java.base/java.lang.reflect.Constructor.newInstanceWithCaller(Constructor.java:500)
[2025-10-30T09:19:19.409+0000] {spark_submit.py:644} INFO - at java.base/java.lang.reflect.Constructor.newInstance(Constructor.java:481)
[2025-10-30T09:19:19.410+0000] {spark_submit.py:644} INFO - at py4j.reflection.MethodInvoker.invoke(MethodInvoker.java:247)
[2025-10-30T09:19:19.412+0000] {spark_submit.py:644} INFO - at py4j.reflection.ReflectionEngine.invoke(ReflectionEngine.java:374)
[2025-10-30T09:19:19.414+0000] {spark_submit.py:644} INFO - at py4j.Gateway.invoke(Gateway.java:238)
[2025-10-30T09:19:19.416+0000] {spark_submit.py:644} INFO - at py4j.commands.ConstructorCommand.invokeConstructor(ConstructorCommand.java:80)
[2025-10-30T09:19:19.417+0000] {spark_submit.py:644} INFO - at py4j.commands.ConstructorCommand.execute(ConstructorCommand.java:69)
[2025-10-30T09:19:19.419+0000] {spark_submit.py:644} INFO - at py4j.ClientServerConnection.waitForCommands(ClientServerConnection.java:184)
[2025-10-30T09:19:19.421+0000] {spark_submit.py:644} INFO - at py4j.ClientServerConnection.run(ClientServerConnection.java:108)
[2025-10-30T09:19:19.422+0000] {spark_submit.py:644} INFO - at java.base/java.lang.Thread.run(Thread.java:840)
[2025-10-30T09:19:19.423+0000] {spark_submit.py:644} INFO - 
[2025-10-30T09:19:19.520+0000] {spark_submit.py:644} INFO - 25/10/30 09:19:19 INFO ShutdownHookManager: Shutdown hook called
[2025-10-30T09:19:19.522+0000] {spark_submit.py:644} INFO - 25/10/30 09:19:19 INFO ShutdownHookManager: Deleting directory /tmp/spark-ca204ceb-44f5-484b-bdb2-f5392e34789f
[2025-10-30T09:19:19.526+0000] {spark_submit.py:644} INFO - 25/10/30 09:19:19 INFO ShutdownHookManager: Deleting directory /tmp/spark-9b2d729c-d548-476c-a8b8-81f139e06d0f
[2025-10-30T09:19:19.562+0000] {taskinstance.py:3310} ERROR - Task failed with exception
Traceback (most recent call last):
  File "/home/airflow/.local/lib/python3.11/site-packages/airflow/models/taskinstance.py", line 767, in _execute_task
    result = _execute_callable(context=context, **execute_callable_kwargs)
             ^^^^^^^^^^^^^^^^^^^^^^^^^^^^^^^^^^^^^^^^^^^^^^^^^^^^^^^^^^^^^
  File "/home/airflow/.local/lib/python3.11/site-packages/airflow/models/taskinstance.py", line 733, in _execute_callable
    return ExecutionCallableRunner(
           ^^^^^^^^^^^^^^^^^^^^^^^^
  File "/home/airflow/.local/lib/python3.11/site-packages/airflow/utils/operator_helpers.py", line 252, in run
    return self.func(*args, **kwargs)
           ^^^^^^^^^^^^^^^^^^^^^^^^^^
  File "/home/airflow/.local/lib/python3.11/site-packages/airflow/models/baseoperator.py", line 406, in wrapper
    return func(self, *args, **kwargs)
           ^^^^^^^^^^^^^^^^^^^^^^^^^^^
  File "/home/airflow/.local/lib/python3.11/site-packages/airflow/providers/apache/spark/operators/spark_submit.py", line 197, in execute
    self._hook.submit(self.application)
  File "/home/airflow/.local/lib/python3.11/site-packages/airflow/providers/apache/spark/hooks/spark_submit.py", line 566, in submit
    raise AirflowException(
airflow.exceptions.AirflowException: Cannot execute: spark-submit --master spark-master:7077 --conf spark.app.name=***_spark_job --conf spark.executor.memory=1g --conf spark.executor.cores=2 --conf spark.cores.max=4 --name arrow-spark --verbose --deploy-mode client /opt/***/jobs/simple_pi.py. Error code is: 1.
[2025-10-30T09:19:19.571+0000] {taskinstance.py:1225} INFO - Marking task as UP_FOR_RETRY. dag_id=spark_submit_example, task_id=spark_submit_job, run_id=scheduled__2025-10-29T00:00:00+00:00, execution_date=20251029T000000, start_date=20251030T091915, end_date=20251030T091919
[2025-10-30T09:19:19.588+0000] {taskinstance.py:340} INFO - ::group::Post task execution logs
[2025-10-30T09:19:19.591+0000] {standard_task_runner.py:124} ERROR - Failed to execute job 3 for task spark_submit_job (Cannot execute: spark-submit --master spark-master:7077 --conf spark.app.name=***_spark_job --conf spark.executor.memory=1g --conf spark.executor.cores=2 --conf spark.cores.max=4 --name arrow-spark --verbose --deploy-mode client /opt/***/jobs/simple_pi.py. Error code is: 1.; 481)
Traceback (most recent call last):
  File "/home/airflow/.local/lib/python3.11/site-packages/airflow/task/task_runner/standard_task_runner.py", line 117, in _start_by_fork
    ret = args.func(args, dag=self.dag)
          ^^^^^^^^^^^^^^^^^^^^^^^^^^^^^
  File "/home/airflow/.local/lib/python3.11/site-packages/airflow/cli/cli_config.py", line 49, in command
    return func(*args, **kwargs)
           ^^^^^^^^^^^^^^^^^^^^^
  File "/home/airflow/.local/lib/python3.11/site-packages/airflow/utils/cli.py", line 115, in wrapper
    return f(*args, **kwargs)
           ^^^^^^^^^^^^^^^^^^
  File "/home/airflow/.local/lib/python3.11/site-packages/airflow/cli/commands/task_command.py", line 483, in task_run
    task_return_code = _run_task_by_selected_method(args, _dag, ti)
                       ^^^^^^^^^^^^^^^^^^^^^^^^^^^^^^^^^^^^^^^^^^^^
  File "/home/airflow/.local/lib/python3.11/site-packages/airflow/cli/commands/task_command.py", line 256, in _run_task_by_selected_method
    return _run_raw_task(args, ti)
           ^^^^^^^^^^^^^^^^^^^^^^^
  File "/home/airflow/.local/lib/python3.11/site-packages/airflow/cli/commands/task_command.py", line 341, in _run_raw_task
    return ti._run_raw_task(
           ^^^^^^^^^^^^^^^^^
  File "/home/airflow/.local/lib/python3.11/site-packages/airflow/utils/session.py", line 97, in wrapper
    return func(*args, session=session, **kwargs)
           ^^^^^^^^^^^^^^^^^^^^^^^^^^^^^^^^^^^^^^
  File "/home/airflow/.local/lib/python3.11/site-packages/airflow/models/taskinstance.py", line 3004, in _run_raw_task
    return _run_raw_task(
           ^^^^^^^^^^^^^^
  File "/home/airflow/.local/lib/python3.11/site-packages/airflow/models/taskinstance.py", line 273, in _run_raw_task
    TaskInstance._execute_task_with_callbacks(
  File "/home/airflow/.local/lib/python3.11/site-packages/airflow/models/taskinstance.py", line 3158, in _execute_task_with_callbacks
    result = self._execute_task(context, task_orig)
             ^^^^^^^^^^^^^^^^^^^^^^^^^^^^^^^^^^^^^^
  File "/home/airflow/.local/lib/python3.11/site-packages/airflow/models/taskinstance.py", line 3182, in _execute_task
    return _execute_task(self, context, task_orig)
           ^^^^^^^^^^^^^^^^^^^^^^^^^^^^^^^^^^^^^^^
  File "/home/airflow/.local/lib/python3.11/site-packages/airflow/models/taskinstance.py", line 767, in _execute_task
    result = _execute_callable(context=context, **execute_callable_kwargs)
             ^^^^^^^^^^^^^^^^^^^^^^^^^^^^^^^^^^^^^^^^^^^^^^^^^^^^^^^^^^^^^
  File "/home/airflow/.local/lib/python3.11/site-packages/airflow/models/taskinstance.py", line 733, in _execute_callable
    return ExecutionCallableRunner(
           ^^^^^^^^^^^^^^^^^^^^^^^^
  File "/home/airflow/.local/lib/python3.11/site-packages/airflow/utils/operator_helpers.py", line 252, in run
    return self.func(*args, **kwargs)
           ^^^^^^^^^^^^^^^^^^^^^^^^^^
  File "/home/airflow/.local/lib/python3.11/site-packages/airflow/models/baseoperator.py", line 406, in wrapper
    return func(self, *args, **kwargs)
           ^^^^^^^^^^^^^^^^^^^^^^^^^^^
  File "/home/airflow/.local/lib/python3.11/site-packages/airflow/providers/apache/spark/operators/spark_submit.py", line 197, in execute
    self._hook.submit(self.application)
  File "/home/airflow/.local/lib/python3.11/site-packages/airflow/providers/apache/spark/hooks/spark_submit.py", line 566, in submit
    raise AirflowException(
airflow.exceptions.AirflowException: Cannot execute: spark-submit --master spark-master:7077 --conf spark.app.name=***_spark_job --conf spark.executor.memory=1g --conf spark.executor.cores=2 --conf spark.cores.max=4 --name arrow-spark --verbose --deploy-mode client /opt/***/jobs/simple_pi.py. Error code is: 1.
[2025-10-30T09:19:19.626+0000] {local_task_job_runner.py:266} INFO - Task exited with return code 1
[2025-10-30T09:19:19.651+0000] {taskinstance.py:3900} INFO - 0 downstream tasks scheduled from follow-on schedule check
[2025-10-30T09:19:19.656+0000] {local_task_job_runner.py:245} INFO - ::endgroup::
