[2025-11-02T11:38:56.739+0000] {local_task_job_runner.py:123} INFO - ::group::Pre task execution logs
[2025-11-02T11:38:56.762+0000] {taskinstance.py:2612} INFO - Dependencies all met for dep_context=non-requeueable deps ti=<TaskInstance: modeling.gold_modeling_dimensions manual__2025-11-02T11:38:56+00:00 [queued]>
[2025-11-02T11:38:56.774+0000] {taskinstance.py:2612} INFO - Dependencies all met for dep_context=requeueable deps ti=<TaskInstance: modeling.gold_modeling_dimensions manual__2025-11-02T11:38:56+00:00 [queued]>
[2025-11-02T11:38:56.779+0000] {taskinstance.py:2865} INFO - Starting attempt 1 of 1
[2025-11-02T11:38:56.795+0000] {taskinstance.py:2888} INFO - Executing <Task(BashOperator): gold_modeling_dimensions> on 2025-11-02 11:38:56+00:00
[2025-11-02T11:38:56.803+0000] {standard_task_runner.py:72} INFO - Started process 965 to run task
[2025-11-02T11:38:56.806+0000] {standard_task_runner.py:104} INFO - Running: ['***', 'tasks', 'run', 'modeling', 'gold_modeling_dimensions', 'manual__2025-11-02T11:38:56+00:00', '--job-id', '33', '--raw', '--subdir', 'DAGS_FOLDER/modeling.py', '--cfg-path', '/tmp/tmp52lov5_6']
[2025-11-02T11:38:56.811+0000] {standard_task_runner.py:105} INFO - Job 33: Subtask gold_modeling_dimensions
[2025-11-02T11:38:56.871+0000] {task_command.py:467} INFO - Running <TaskInstance: modeling.gold_modeling_dimensions manual__2025-11-02T11:38:56+00:00 [running]> on host 4bd4a2df5838
[2025-11-02T11:38:56.958+0000] {taskinstance.py:3131} INFO - Exporting env vars: AIRFLOW_CTX_DAG_OWNER='***' AIRFLOW_CTX_DAG_ID='modeling' AIRFLOW_CTX_TASK_ID='gold_modeling_dimensions' AIRFLOW_CTX_EXECUTION_DATE='2025-11-02T11:38:56+00:00' AIRFLOW_CTX_TRY_NUMBER='1' AIRFLOW_CTX_DAG_RUN_ID='manual__2025-11-02T11:38:56+00:00'
[2025-11-02T11:38:56.961+0000] {taskinstance.py:731} INFO - ::endgroup::
[2025-11-02T11:38:56.975+0000] {subprocess.py:63} INFO - Tmp dir root location: /tmp
[2025-11-02T11:38:56.977+0000] {subprocess.py:75} INFO - Running command: ['/usr/bin/bash', '-c', 'spark-submit --master spark://spark-master:7077 --packages org.apache.iceberg:iceberg-spark-runtime-3.4_2.12:1.5.0,org.apache.hadoop:hadoop-aws:3.3.4,com.amazonaws:aws-java-sdk-bundle:1.12.262 --conf spark.hadoop.fs.s3a.endpoint=https://repulsive-spooky-cemetery-9rw4pvr4w66f4g6-4566.app.github.dev --conf spark.hadoop.fs.s3a.access.key=test --conf spark.hadoop.fs.s3a.secret.key=test --conf spark.hadoop.fs.s3a.path.style.access=true --conf spark.hadoop.fs.s3a.impl=org.apache.hadoop.fs.s3a.S3AFileSystem --conf spark.hadoop.fs.s3a.connection.ssl.enabled=true /opt/spark/work-dir/scripts/gold_modeling/Dimensions/Dimensions.py']
[2025-11-02T11:38:56.990+0000] {subprocess.py:86} INFO - Output:
[2025-11-02T11:38:58.113+0000] {subprocess.py:93} INFO - :: loading settings :: url = jar:file:/opt/spark-3.4.0-bin-hadoop3/jars/ivy-2.5.1.jar!/org/apache/ivy/core/settings/ivysettings.xml
[2025-11-02T11:38:58.195+0000] {subprocess.py:93} INFO - Ivy Default Cache set to: /home/***/.ivy2/cache
[2025-11-02T11:38:58.198+0000] {subprocess.py:93} INFO - The jars for the packages stored in: /home/***/.ivy2/jars
[2025-11-02T11:38:58.200+0000] {subprocess.py:93} INFO - org.apache.iceberg#iceberg-spark-runtime-3.4_2.12 added as a dependency
[2025-11-02T11:38:58.202+0000] {subprocess.py:93} INFO - org.apache.hadoop#hadoop-aws added as a dependency
[2025-11-02T11:38:58.204+0000] {subprocess.py:93} INFO - com.amazonaws#aws-java-sdk-bundle added as a dependency
[2025-11-02T11:38:58.205+0000] {subprocess.py:93} INFO - :: resolving dependencies :: org.apache.spark#spark-submit-parent-b0fee1be-6426-4fea-98bc-1fac047a0758;1.0
[2025-11-02T11:38:58.208+0000] {subprocess.py:93} INFO - 	confs: [default]
[2025-11-02T11:38:58.283+0000] {subprocess.py:93} INFO - 	found org.apache.iceberg#iceberg-spark-runtime-3.4_2.12;1.5.0 in central
[2025-11-02T11:38:58.334+0000] {subprocess.py:93} INFO - 	found org.apache.hadoop#hadoop-aws;3.3.4 in central
[2025-11-02T11:38:58.356+0000] {subprocess.py:93} INFO - 	found com.amazonaws#aws-java-sdk-bundle;1.12.262 in central
[2025-11-02T11:38:58.381+0000] {subprocess.py:93} INFO - 	found org.wildfly.openssl#wildfly-openssl;1.0.7.Final in central
[2025-11-02T11:38:58.403+0000] {subprocess.py:93} INFO - :: resolution report :: resolve 195ms :: artifacts dl 9ms
[2025-11-02T11:38:58.405+0000] {subprocess.py:93} INFO - 	:: modules in use:
[2025-11-02T11:38:58.407+0000] {subprocess.py:93} INFO - 	com.amazonaws#aws-java-sdk-bundle;1.12.262 from central in [default]
[2025-11-02T11:38:58.410+0000] {subprocess.py:93} INFO - 	org.apache.hadoop#hadoop-aws;3.3.4 from central in [default]
[2025-11-02T11:38:58.411+0000] {subprocess.py:93} INFO - 	org.apache.iceberg#iceberg-spark-runtime-3.4_2.12;1.5.0 from central in [default]
[2025-11-02T11:38:58.413+0000] {subprocess.py:93} INFO - 	org.wildfly.openssl#wildfly-openssl;1.0.7.Final from central in [default]
[2025-11-02T11:38:58.415+0000] {subprocess.py:93} INFO - 	---------------------------------------------------------------------
[2025-11-02T11:38:58.417+0000] {subprocess.py:93} INFO - 	|                  |            modules            ||   artifacts   |
[2025-11-02T11:38:58.418+0000] {subprocess.py:93} INFO - 	|       conf       | number| search|dwnlded|evicted|| number|dwnlded|
[2025-11-02T11:38:58.420+0000] {subprocess.py:93} INFO - 	---------------------------------------------------------------------
[2025-11-02T11:38:58.423+0000] {subprocess.py:93} INFO - 	|      default     |   4   |   0   |   0   |   0   ||   4   |   0   |
[2025-11-02T11:38:58.424+0000] {subprocess.py:93} INFO - 	---------------------------------------------------------------------
[2025-11-02T11:38:58.426+0000] {subprocess.py:93} INFO - :: retrieving :: org.apache.spark#spark-submit-parent-b0fee1be-6426-4fea-98bc-1fac047a0758
[2025-11-02T11:38:58.427+0000] {subprocess.py:93} INFO - 	confs: [default]
[2025-11-02T11:38:58.430+0000] {subprocess.py:93} INFO - 	0 artifacts copied, 4 already retrieved (0kB/5ms)
[2025-11-02T11:38:58.588+0000] {subprocess.py:93} INFO - 25/11/02 11:38:58 WARN NativeCodeLoader: Unable to load native-hadoop library for your platform... using builtin-java classes where applicable
[2025-11-02T11:39:00.474+0000] {subprocess.py:93} INFO - 25/11/02 11:39:00 INFO SparkContext: Running Spark version 3.4.0
[2025-11-02T11:39:00.489+0000] {subprocess.py:93} INFO - 25/11/02 11:39:00 INFO ResourceUtils: ==============================================================
[2025-11-02T11:39:00.492+0000] {subprocess.py:93} INFO - 25/11/02 11:39:00 INFO ResourceUtils: No custom resources configured for spark.driver.
[2025-11-02T11:39:00.494+0000] {subprocess.py:93} INFO - 25/11/02 11:39:00 INFO ResourceUtils: ==============================================================
[2025-11-02T11:39:00.496+0000] {subprocess.py:93} INFO - 25/11/02 11:39:00 INFO SparkContext: Submitted application: Gold_Modeling_Dimensions
[2025-11-02T11:39:00.504+0000] {subprocess.py:93} INFO - 25/11/02 11:39:00 INFO ResourceProfile: Default ResourceProfile created, executor resources: Map(memory -> name: memory, amount: 1024, script: , vendor: , offHeap -> name: offHeap, amount: 0, script: , vendor: ), task resources: Map(cpus -> name: cpus, amount: 1.0)
[2025-11-02T11:39:00.509+0000] {subprocess.py:93} INFO - 25/11/02 11:39:00 INFO ResourceProfile: Limiting resource is cpu
[2025-11-02T11:39:00.512+0000] {subprocess.py:93} INFO - 25/11/02 11:39:00 INFO ResourceProfileManager: Added ResourceProfile id: 0
[2025-11-02T11:39:00.549+0000] {subprocess.py:93} INFO - 25/11/02 11:39:00 INFO SecurityManager: Changing view acls to: ***
[2025-11-02T11:39:00.551+0000] {subprocess.py:93} INFO - 25/11/02 11:39:00 INFO SecurityManager: Changing modify acls to: ***
[2025-11-02T11:39:00.553+0000] {subprocess.py:93} INFO - 25/11/02 11:39:00 INFO SecurityManager: Changing view acls groups to:
[2025-11-02T11:39:00.554+0000] {subprocess.py:93} INFO - 25/11/02 11:39:00 INFO SecurityManager: Changing modify acls groups to:
[2025-11-02T11:39:00.555+0000] {subprocess.py:93} INFO - 25/11/02 11:39:00 INFO SecurityManager: SecurityManager: authentication disabled; ui acls disabled; users with view permissions: ***; groups with view permissions: EMPTY; users with modify permissions: ***; groups with modify permissions: EMPTY
[2025-11-02T11:39:00.704+0000] {subprocess.py:93} INFO - 25/11/02 11:39:00 INFO Utils: Successfully started service 'sparkDriver' on port 45215.
[2025-11-02T11:39:00.723+0000] {subprocess.py:93} INFO - 25/11/02 11:39:00 INFO SparkEnv: Registering MapOutputTracker
[2025-11-02T11:39:00.754+0000] {subprocess.py:93} INFO - 25/11/02 11:39:00 INFO SparkEnv: Registering BlockManagerMaster
[2025-11-02T11:39:00.765+0000] {subprocess.py:93} INFO - 25/11/02 11:39:00 INFO BlockManagerMasterEndpoint: Using org.apache.spark.storage.DefaultTopologyMapper for getting topology information
[2025-11-02T11:39:00.768+0000] {subprocess.py:93} INFO - 25/11/02 11:39:00 INFO BlockManagerMasterEndpoint: BlockManagerMasterEndpoint up
[2025-11-02T11:39:00.771+0000] {subprocess.py:93} INFO - 25/11/02 11:39:00 INFO SparkEnv: Registering BlockManagerMasterHeartbeat
[2025-11-02T11:39:00.786+0000] {subprocess.py:93} INFO - 25/11/02 11:39:00 INFO DiskBlockManager: Created local directory at /tmp/blockmgr-0f6b6ffd-996c-48b0-917e-0f114118d678
[2025-11-02T11:39:00.802+0000] {subprocess.py:93} INFO - 25/11/02 11:39:00 INFO MemoryStore: MemoryStore started with capacity 434.4 MiB
[2025-11-02T11:39:00.820+0000] {subprocess.py:93} INFO - 25/11/02 11:39:00 INFO SparkEnv: Registering OutputCommitCoordinator
[2025-11-02T11:39:00.929+0000] {subprocess.py:93} INFO - 25/11/02 11:39:00 INFO JettyUtils: Start Jetty 0.0.0.0:4040 for SparkUI
[2025-11-02T11:39:00.996+0000] {subprocess.py:93} INFO - 25/11/02 11:39:00 INFO Utils: Successfully started service 'SparkUI' on port 4040.
[2025-11-02T11:39:01.024+0000] {subprocess.py:93} INFO - 25/11/02 11:39:01 INFO SparkContext: Added JAR file:///home/***/.ivy2/jars/org.apache.iceberg_iceberg-spark-runtime-3.4_2.12-1.5.0.jar at spark://4bd4a2df5838:45215/jars/org.apache.iceberg_iceberg-spark-runtime-3.4_2.12-1.5.0.jar with timestamp 1762083540470
[2025-11-02T11:39:01.027+0000] {subprocess.py:93} INFO - 25/11/02 11:39:01 INFO SparkContext: Added JAR file:///home/***/.ivy2/jars/org.apache.hadoop_hadoop-aws-3.3.4.jar at spark://4bd4a2df5838:45215/jars/org.apache.hadoop_hadoop-aws-3.3.4.jar with timestamp 1762083540470
[2025-11-02T11:39:01.030+0000] {subprocess.py:93} INFO - 25/11/02 11:39:01 INFO SparkContext: Added JAR file:///home/***/.ivy2/jars/com.amazonaws_aws-java-sdk-bundle-1.12.262.jar at spark://4bd4a2df5838:45215/jars/com.amazonaws_aws-java-sdk-bundle-1.12.262.jar with timestamp 1762083540470
[2025-11-02T11:39:01.032+0000] {subprocess.py:93} INFO - 25/11/02 11:39:01 INFO SparkContext: Added JAR file:///home/***/.ivy2/jars/org.wildfly.openssl_wildfly-openssl-1.0.7.Final.jar at spark://4bd4a2df5838:45215/jars/org.wildfly.openssl_wildfly-openssl-1.0.7.Final.jar with timestamp 1762083540470
[2025-11-02T11:39:01.034+0000] {subprocess.py:93} INFO - 25/11/02 11:39:01 INFO SparkContext: Added file file:///home/***/.ivy2/jars/org.apache.iceberg_iceberg-spark-runtime-3.4_2.12-1.5.0.jar at spark://4bd4a2df5838:45215/files/org.apache.iceberg_iceberg-spark-runtime-3.4_2.12-1.5.0.jar with timestamp 1762083540470
[2025-11-02T11:39:01.037+0000] {subprocess.py:93} INFO - 25/11/02 11:39:01 INFO Utils: Copying /home/***/.ivy2/jars/org.apache.iceberg_iceberg-spark-runtime-3.4_2.12-1.5.0.jar to /tmp/spark-62942cd4-5326-4b2e-877a-77df25888957/userFiles-8604f231-d1d7-4bd1-8f97-79019c2abd92/org.apache.iceberg_iceberg-spark-runtime-3.4_2.12-1.5.0.jar
[2025-11-02T11:39:01.065+0000] {subprocess.py:93} INFO - 25/11/02 11:39:01 INFO SparkContext: Added file file:///home/***/.ivy2/jars/org.apache.hadoop_hadoop-aws-3.3.4.jar at spark://4bd4a2df5838:45215/files/org.apache.hadoop_hadoop-aws-3.3.4.jar with timestamp 1762083540470
[2025-11-02T11:39:01.067+0000] {subprocess.py:93} INFO - 25/11/02 11:39:01 INFO Utils: Copying /home/***/.ivy2/jars/org.apache.hadoop_hadoop-aws-3.3.4.jar to /tmp/spark-62942cd4-5326-4b2e-877a-77df25888957/userFiles-8604f231-d1d7-4bd1-8f97-79019c2abd92/org.apache.hadoop_hadoop-aws-3.3.4.jar
[2025-11-02T11:39:01.070+0000] {subprocess.py:93} INFO - 25/11/02 11:39:01 INFO SparkContext: Added file file:///home/***/.ivy2/jars/com.amazonaws_aws-java-sdk-bundle-1.12.262.jar at spark://4bd4a2df5838:45215/files/com.amazonaws_aws-java-sdk-bundle-1.12.262.jar with timestamp 1762083540470
[2025-11-02T11:39:01.072+0000] {subprocess.py:93} INFO - 25/11/02 11:39:01 INFO Utils: Copying /home/***/.ivy2/jars/com.amazonaws_aws-java-sdk-bundle-1.12.262.jar to /tmp/spark-62942cd4-5326-4b2e-877a-77df25888957/userFiles-8604f231-d1d7-4bd1-8f97-79019c2abd92/com.amazonaws_aws-java-sdk-bundle-1.12.262.jar
[2025-11-02T11:39:01.279+0000] {subprocess.py:93} INFO - 25/11/02 11:39:01 INFO SparkContext: Added file file:///home/***/.ivy2/jars/org.wildfly.openssl_wildfly-openssl-1.0.7.Final.jar at spark://4bd4a2df5838:45215/files/org.wildfly.openssl_wildfly-openssl-1.0.7.Final.jar with timestamp 1762083540470
[2025-11-02T11:39:01.281+0000] {subprocess.py:93} INFO - 25/11/02 11:39:01 INFO Utils: Copying /home/***/.ivy2/jars/org.wildfly.openssl_wildfly-openssl-1.0.7.Final.jar to /tmp/spark-62942cd4-5326-4b2e-877a-77df25888957/userFiles-8604f231-d1d7-4bd1-8f97-79019c2abd92/org.wildfly.openssl_wildfly-openssl-1.0.7.Final.jar
[2025-11-02T11:39:01.356+0000] {subprocess.py:93} INFO - 25/11/02 11:39:01 INFO StandaloneAppClient$ClientEndpoint: Connecting to master spark://spark-master:7077...
[2025-11-02T11:39:01.395+0000] {subprocess.py:93} INFO - 25/11/02 11:39:01 INFO TransportClientFactory: Successfully created connection to spark-master/172.18.0.3:7077 after 22 ms (0 ms spent in bootstraps)
[2025-11-02T11:39:01.482+0000] {subprocess.py:93} INFO - 25/11/02 11:39:01 INFO StandaloneSchedulerBackend: Connected to Spark cluster with app ID app-20251102113901-0011
[2025-11-02T11:39:01.488+0000] {subprocess.py:93} INFO - 25/11/02 11:39:01 INFO StandaloneAppClient$ClientEndpoint: Executor added: app-20251102113901-0011/0 on worker-20251102102542-172.18.0.5-39375 (172.18.0.5:39375) with 2 core(s)
[2025-11-02T11:39:01.491+0000] {subprocess.py:93} INFO - 25/11/02 11:39:01 INFO StandaloneSchedulerBackend: Granted executor ID app-20251102113901-0011/0 on hostPort 172.18.0.5:39375 with 2 core(s), 1024.0 MiB RAM
[2025-11-02T11:39:01.492+0000] {subprocess.py:93} INFO - 25/11/02 11:39:01 INFO Utils: Successfully started service 'org.apache.spark.network.netty.NettyBlockTransferService' on port 43955.
[2025-11-02T11:39:01.494+0000] {subprocess.py:93} INFO - 25/11/02 11:39:01 INFO NettyBlockTransferService: Server created on 4bd4a2df5838:43955
[2025-11-02T11:39:01.496+0000] {subprocess.py:93} INFO - 25/11/02 11:39:01 INFO BlockManager: Using org.apache.spark.storage.RandomBlockReplicationPolicy for block replication policy
[2025-11-02T11:39:01.507+0000] {subprocess.py:93} INFO - 25/11/02 11:39:01 INFO BlockManagerMaster: Registering BlockManager BlockManagerId(driver, 4bd4a2df5838, 43955, None)
[2025-11-02T11:39:01.512+0000] {subprocess.py:93} INFO - 25/11/02 11:39:01 INFO BlockManagerMasterEndpoint: Registering block manager 4bd4a2df5838:43955 with 434.4 MiB RAM, BlockManagerId(driver, 4bd4a2df5838, 43955, None)
[2025-11-02T11:39:01.515+0000] {subprocess.py:93} INFO - 25/11/02 11:39:01 INFO BlockManagerMaster: Registered BlockManager BlockManagerId(driver, 4bd4a2df5838, 43955, None)
[2025-11-02T11:39:01.518+0000] {subprocess.py:93} INFO - 25/11/02 11:39:01 INFO BlockManager: Initialized BlockManager: BlockManagerId(driver, 4bd4a2df5838, 43955, None)
[2025-11-02T11:39:01.522+0000] {subprocess.py:93} INFO - 25/11/02 11:39:01 INFO StandaloneAppClient$ClientEndpoint: Executor updated: app-20251102113901-0011/0 is now RUNNING
[2025-11-02T11:39:01.704+0000] {subprocess.py:93} INFO - 25/11/02 11:39:01 INFO StandaloneSchedulerBackend: SchedulerBackend is ready for scheduling beginning after reached minRegisteredResourcesRatio: 0.0
[2025-11-02T11:39:01.858+0000] {subprocess.py:93} INFO - INFO:gold_modeling.Dimensions.dim_customer:Creating dim_customer table
[2025-11-02T11:39:01.871+0000] {subprocess.py:93} INFO - 25/11/02 11:39:01 INFO SharedState: Setting hive.metastore.warehouse.dir ('null') to the value of spark.sql.warehouse.dir.
[2025-11-02T11:39:01.873+0000] {subprocess.py:93} INFO - 25/11/02 11:39:01 INFO SharedState: Warehouse path is 'file:/tmp/***tmpfd9drc9c/spark-warehouse'.
[2025-11-02T11:39:03.065+0000] {subprocess.py:93} INFO - 25/11/02 11:39:03 WARN MetricsConfig: Cannot locate configuration: tried hadoop-metrics2-s3a-file-system.properties,hadoop-metrics2.properties
[2025-11-02T11:39:03.081+0000] {subprocess.py:93} INFO - 25/11/02 11:39:03 INFO MetricsSystemImpl: Scheduled Metric snapshot period at 10 second(s).
[2025-11-02T11:39:03.084+0000] {subprocess.py:93} INFO - 25/11/02 11:39:03 INFO MetricsSystemImpl: s3a-file-system metrics system started
[2025-11-02T11:39:03.588+0000] {subprocess.py:93} INFO - 25/11/02 11:39:03 INFO StandaloneSchedulerBackend$StandaloneDriverEndpoint: Registered executor NettyRpcEndpointRef(spark-client://Executor) (172.18.0.5:35458) with ID 0,  ResourceProfileId 0
[2025-11-02T11:39:03.689+0000] {subprocess.py:93} INFO - 25/11/02 11:39:03 INFO BlockManagerMasterEndpoint: Registering block manager 172.18.0.5:36881 with 434.4 MiB RAM, BlockManagerId(0, 172.18.0.5, 36881, None)
[2025-11-02T11:39:03.760+0000] {subprocess.py:93} INFO - 25/11/02 11:39:03 INFO CatalogUtil: Loading custom FileIO implementation: org.apache.iceberg.hadoop.HadoopFileIO
[2025-11-02T11:39:13.205+0000] {subprocess.py:93} INFO - Traceback (most recent call last):
[2025-11-02T11:39:13.207+0000] {subprocess.py:93} INFO -   File "/opt/spark-3.4.0-bin-hadoop3/work-dir/scripts/gold_modeling/Dimensions/Dimensions.py", line 27, in <module>
[2025-11-02T11:39:13.215+0000] {subprocess.py:93} INFO -     Customer_dim(spark)
[2025-11-02T11:39:13.218+0000] {subprocess.py:93} INFO -   File "/opt/spark/work-dir/scripts/gold_modeling/Dimensions/dim_customer.py", line 69, in main
[2025-11-02T11:39:13.224+0000] {subprocess.py:93} INFO -     create_dim_customer(spark)
[2025-11-02T11:39:13.225+0000] {subprocess.py:93} INFO -   File "/opt/spark/work-dir/scripts/gold_modeling/Dimensions/dim_customer.py", line 7, in create_dim_customer
[2025-11-02T11:39:13.231+0000] {subprocess.py:93} INFO -     spark.sql("CREATE OR REPLACE TEMP VIEW magento_customers AS SELECT * FROM my_catalog.silver.magento_customers")
[2025-11-02T11:39:13.233+0000] {subprocess.py:93} INFO -   File "/opt/spark/python/lib/pyspark.zip/pyspark/sql/session.py", line 1440, in sql
[2025-11-02T11:39:13.236+0000] {subprocess.py:93} INFO -   File "/opt/spark/python/lib/py4j-0.10.9.7-src.zip/py4j/java_gateway.py", line 1322, in __call__
[2025-11-02T11:39:13.240+0000] {subprocess.py:93} INFO -   File "/opt/spark/python/lib/pyspark.zip/pyspark/errors/exceptions/captured.py", line 175, in deco
[2025-11-02T11:39:13.250+0000] {subprocess.py:93} INFO - pyspark.errors.exceptions.captured.AnalysisException: [TABLE_OR_VIEW_NOT_FOUND] The table or view `my_catalog`.`silver`.`magento_customers` cannot be found. Verify the spelling and correctness of the schema and catalog.
[2025-11-02T11:39:13.252+0000] {subprocess.py:93} INFO - If you did not qualify the name with a schema, verify the current_schema() output, or qualify the name with the correct schema and catalog.
[2025-11-02T11:39:13.254+0000] {subprocess.py:93} INFO - To tolerate the error on drop use DROP VIEW IF EXISTS or DROP TABLE IF EXISTS.; line 1 pos 63;
[2025-11-02T11:39:13.255+0000] {subprocess.py:93} INFO - 'CreateViewCommand `magento_customers`, SELECT * FROM my_catalog.silver.magento_customers, false, true, LocalTempView, false
[2025-11-02T11:39:13.256+0000] {subprocess.py:93} INFO - +- 'Project [*]
[2025-11-02T11:39:13.257+0000] {subprocess.py:93} INFO -    +- 'UnresolvedRelation [my_catalog, silver, magento_customers], [], false
[2025-11-02T11:39:13.259+0000] {subprocess.py:93} INFO - 
[2025-11-02T11:39:13.260+0000] {subprocess.py:93} INFO - INFO:py4j.clientserver:Closing down clientserver connection
[2025-11-02T11:39:13.302+0000] {subprocess.py:93} INFO - 25/11/02 11:39:13 INFO SparkContext: Invoking stop() from shutdown hook
[2025-11-02T11:39:13.305+0000] {subprocess.py:93} INFO - 25/11/02 11:39:13 INFO SparkContext: SparkContext is stopping with exitCode 0.
[2025-11-02T11:39:13.315+0000] {subprocess.py:93} INFO - 25/11/02 11:39:13 INFO SparkUI: Stopped Spark web UI at http://4bd4a2df5838:4040
[2025-11-02T11:39:13.321+0000] {subprocess.py:93} INFO - 25/11/02 11:39:13 INFO StandaloneSchedulerBackend: Shutting down all executors
[2025-11-02T11:39:13.323+0000] {subprocess.py:93} INFO - 25/11/02 11:39:13 INFO StandaloneSchedulerBackend$StandaloneDriverEndpoint: Asking each executor to shut down
[2025-11-02T11:39:13.344+0000] {subprocess.py:93} INFO - 25/11/02 11:39:13 INFO MapOutputTrackerMasterEndpoint: MapOutputTrackerMasterEndpoint stopped!
[2025-11-02T11:39:13.363+0000] {subprocess.py:93} INFO - 25/11/02 11:39:13 INFO MemoryStore: MemoryStore cleared
[2025-11-02T11:39:13.365+0000] {subprocess.py:93} INFO - 25/11/02 11:39:13 INFO BlockManager: BlockManager stopped
[2025-11-02T11:39:13.369+0000] {subprocess.py:93} INFO - 25/11/02 11:39:13 INFO BlockManagerMaster: BlockManagerMaster stopped
[2025-11-02T11:39:13.374+0000] {subprocess.py:93} INFO - 25/11/02 11:39:13 INFO OutputCommitCoordinator$OutputCommitCoordinatorEndpoint: OutputCommitCoordinator stopped!
[2025-11-02T11:39:13.404+0000] {subprocess.py:93} INFO - 25/11/02 11:39:13 INFO SparkContext: Successfully stopped SparkContext
[2025-11-02T11:39:13.406+0000] {subprocess.py:93} INFO - 25/11/02 11:39:13 INFO ShutdownHookManager: Shutdown hook called
[2025-11-02T11:39:13.408+0000] {subprocess.py:93} INFO - 25/11/02 11:39:13 INFO ShutdownHookManager: Deleting directory /tmp/spark-3f055aed-6fe1-49f1-80b5-24c452dad463
[2025-11-02T11:39:13.410+0000] {subprocess.py:93} INFO - 25/11/02 11:39:13 INFO ShutdownHookManager: Deleting directory /tmp/spark-62942cd4-5326-4b2e-877a-77df25888957
[2025-11-02T11:39:13.415+0000] {subprocess.py:93} INFO - 25/11/02 11:39:13 INFO ShutdownHookManager: Deleting directory /tmp/spark-62942cd4-5326-4b2e-877a-77df25888957/pyspark-14e99e4c-a211-4bf5-90fb-c003cd740c0d
[2025-11-02T11:39:13.425+0000] {subprocess.py:93} INFO - 25/11/02 11:39:13 INFO MetricsSystemImpl: Stopping s3a-file-system metrics system...
[2025-11-02T11:39:13.427+0000] {subprocess.py:93} INFO - 25/11/02 11:39:13 INFO MetricsSystemImpl: s3a-file-system metrics system stopped.
[2025-11-02T11:39:13.428+0000] {subprocess.py:93} INFO - 25/11/02 11:39:13 INFO MetricsSystemImpl: s3a-file-system metrics system shutdown complete.
[2025-11-02T11:39:13.457+0000] {subprocess.py:97} INFO - Command exited with return code 1
[2025-11-02T11:39:13.471+0000] {taskinstance.py:3310} ERROR - Task failed with exception
Traceback (most recent call last):
  File "/home/airflow/.local/lib/python3.11/site-packages/airflow/models/taskinstance.py", line 767, in _execute_task
    result = _execute_callable(context=context, **execute_callable_kwargs)
             ^^^^^^^^^^^^^^^^^^^^^^^^^^^^^^^^^^^^^^^^^^^^^^^^^^^^^^^^^^^^^
  File "/home/airflow/.local/lib/python3.11/site-packages/airflow/models/taskinstance.py", line 733, in _execute_callable
    return ExecutionCallableRunner(
           ^^^^^^^^^^^^^^^^^^^^^^^^
  File "/home/airflow/.local/lib/python3.11/site-packages/airflow/utils/operator_helpers.py", line 252, in run
    return self.func(*args, **kwargs)
           ^^^^^^^^^^^^^^^^^^^^^^^^^^
  File "/home/airflow/.local/lib/python3.11/site-packages/airflow/models/baseoperator.py", line 406, in wrapper
    return func(self, *args, **kwargs)
           ^^^^^^^^^^^^^^^^^^^^^^^^^^^
  File "/home/airflow/.local/lib/python3.11/site-packages/airflow/operators/bash.py", line 249, in execute
    raise AirflowException(
airflow.exceptions.AirflowException: Bash command failed. The command returned a non-zero exit code 1.
[2025-11-02T11:39:13.477+0000] {taskinstance.py:1225} INFO - Marking task as FAILED. dag_id=modeling, task_id=gold_modeling_dimensions, run_id=manual__2025-11-02T11:38:56+00:00, execution_date=20251102T113856, start_date=20251102T113856, end_date=20251102T113913
[2025-11-02T11:39:13.493+0000] {taskinstance.py:340} INFO - ::group::Post task execution logs
[2025-11-02T11:39:13.495+0000] {standard_task_runner.py:124} ERROR - Failed to execute job 33 for task gold_modeling_dimensions (Bash command failed. The command returned a non-zero exit code 1.; 965)
Traceback (most recent call last):
  File "/home/airflow/.local/lib/python3.11/site-packages/airflow/task/task_runner/standard_task_runner.py", line 117, in _start_by_fork
    ret = args.func(args, dag=self.dag)
          ^^^^^^^^^^^^^^^^^^^^^^^^^^^^^
  File "/home/airflow/.local/lib/python3.11/site-packages/airflow/cli/cli_config.py", line 49, in command
    return func(*args, **kwargs)
           ^^^^^^^^^^^^^^^^^^^^^
  File "/home/airflow/.local/lib/python3.11/site-packages/airflow/utils/cli.py", line 115, in wrapper
    return f(*args, **kwargs)
           ^^^^^^^^^^^^^^^^^^
  File "/home/airflow/.local/lib/python3.11/site-packages/airflow/cli/commands/task_command.py", line 483, in task_run
    task_return_code = _run_task_by_selected_method(args, _dag, ti)
                       ^^^^^^^^^^^^^^^^^^^^^^^^^^^^^^^^^^^^^^^^^^^^
  File "/home/airflow/.local/lib/python3.11/site-packages/airflow/cli/commands/task_command.py", line 256, in _run_task_by_selected_method
    return _run_raw_task(args, ti)
           ^^^^^^^^^^^^^^^^^^^^^^^
  File "/home/airflow/.local/lib/python3.11/site-packages/airflow/cli/commands/task_command.py", line 341, in _run_raw_task
    return ti._run_raw_task(
           ^^^^^^^^^^^^^^^^^
  File "/home/airflow/.local/lib/python3.11/site-packages/airflow/utils/session.py", line 97, in wrapper
    return func(*args, session=session, **kwargs)
           ^^^^^^^^^^^^^^^^^^^^^^^^^^^^^^^^^^^^^^
  File "/home/airflow/.local/lib/python3.11/site-packages/airflow/models/taskinstance.py", line 3004, in _run_raw_task
    return _run_raw_task(
           ^^^^^^^^^^^^^^
  File "/home/airflow/.local/lib/python3.11/site-packages/airflow/models/taskinstance.py", line 273, in _run_raw_task
    TaskInstance._execute_task_with_callbacks(
  File "/home/airflow/.local/lib/python3.11/site-packages/airflow/models/taskinstance.py", line 3158, in _execute_task_with_callbacks
    result = self._execute_task(context, task_orig)
             ^^^^^^^^^^^^^^^^^^^^^^^^^^^^^^^^^^^^^^
  File "/home/airflow/.local/lib/python3.11/site-packages/airflow/models/taskinstance.py", line 3182, in _execute_task
    return _execute_task(self, context, task_orig)
           ^^^^^^^^^^^^^^^^^^^^^^^^^^^^^^^^^^^^^^^
  File "/home/airflow/.local/lib/python3.11/site-packages/airflow/models/taskinstance.py", line 767, in _execute_task
    result = _execute_callable(context=context, **execute_callable_kwargs)
             ^^^^^^^^^^^^^^^^^^^^^^^^^^^^^^^^^^^^^^^^^^^^^^^^^^^^^^^^^^^^^
  File "/home/airflow/.local/lib/python3.11/site-packages/airflow/models/taskinstance.py", line 733, in _execute_callable
    return ExecutionCallableRunner(
           ^^^^^^^^^^^^^^^^^^^^^^^^
  File "/home/airflow/.local/lib/python3.11/site-packages/airflow/utils/operator_helpers.py", line 252, in run
    return self.func(*args, **kwargs)
           ^^^^^^^^^^^^^^^^^^^^^^^^^^
  File "/home/airflow/.local/lib/python3.11/site-packages/airflow/models/baseoperator.py", line 406, in wrapper
    return func(self, *args, **kwargs)
           ^^^^^^^^^^^^^^^^^^^^^^^^^^^
  File "/home/airflow/.local/lib/python3.11/site-packages/airflow/operators/bash.py", line 249, in execute
    raise AirflowException(
airflow.exceptions.AirflowException: Bash command failed. The command returned a non-zero exit code 1.
[2025-11-02T11:39:13.532+0000] {local_task_job_runner.py:266} INFO - Task exited with return code 1
[2025-11-02T11:39:13.565+0000] {taskinstance.py:3900} INFO - 0 downstream tasks scheduled from follow-on schedule check
[2025-11-02T11:39:13.573+0000] {local_task_job_runner.py:245} INFO - ::endgroup::
